{"/home/travis/build/npmtest/node-npmtest-fontmin/test.js":{"path":"/home/travis/build/npmtest/node-npmtest-fontmin/test.js","s":{"1":2,"2":2,"3":2,"4":2,"5":2,"6":2,"7":2,"8":1,"9":2,"10":2,"11":1,"12":1,"13":1,"14":1,"15":2,"16":2,"17":2,"18":2,"19":1,"20":1,"21":2,"22":2,"23":2,"24":1,"25":1,"26":1,"27":1,"28":1,"29":1,"30":1,"31":1,"32":1,"33":1,"34":1,"35":1,"36":1,"37":2,"38":2,"39":1,"40":2,"41":2,"42":1,"43":2,"44":2,"45":1,"46":2,"47":2,"48":1,"49":1,"50":1,"51":1,"52":1},"b":{"1":[2,1,1,1],"2":[1,1,1,1],"3":[1,1],"4":[1,1],"5":[1,1],"6":[1,1],"7":[1,1],"8":[1,1],"9":[1,1,1],"10":[1,1],"11":[1,1],"12":[1,1],"13":[1,1],"14":[1,1],"15":[1,1],"16":[1,1]},"f":{"1":2,"2":2,"3":2,"4":2,"5":2,"6":1,"7":1,"8":2,"9":2,"10":2,"11":2,"12":1},"fnMap":{"1":{"name":"(anonymous_1)","line":12,"loc":{"start":{"line":12,"column":1},"end":{"line":12,"column":13}}},"2":{"name":"(anonymous_2)","line":19,"loc":{"start":{"line":19,"column":5},"end":{"line":19,"column":17}}},"3":{"name":"(anonymous_3)","line":23,"loc":{"start":{"line":23,"column":24},"end":{"line":23,"column":36}}},"4":{"name":"(anonymous_4)","line":61,"loc":{"start":{"line":61,"column":5},"end":{"line":61,"column":17}}},"5":{"name":"(anonymous_5)","line":82,"loc":{"start":{"line":82,"column":5},"end":{"line":82,"column":17}}},"6":{"name":"(anonymous_6)","line":102,"loc":{"start":{"line":102,"column":83},"end":{"line":105,"column":10}},"skip":true},"7":{"name":"(anonymous_7)","line":113,"loc":{"start":{"line":113,"column":77},"end":{"line":116,"column":10}},"skip":true},"8":{"name":"(anonymous_8)","line":129,"loc":{"start":{"line":129,"column":12},"end":{"line":129,"column":40}},"skip":true},"9":{"name":"(anonymous_9)","line":137,"loc":{"start":{"line":137,"column":77},"end":{"line":140,"column":10}},"skip":true},"10":{"name":"(anonymous_10)","line":148,"loc":{"start":{"line":148,"column":83},"end":{"line":151,"column":10}},"skip":true},"11":{"name":"(anonymous_11)","line":159,"loc":{"start":{"line":159,"column":79},"end":{"line":162,"column":10}},"skip":true},"12":{"name":"(anonymous_12)","line":170,"loc":{"start":{"line":170,"column":75},"end":{"line":173,"column":10}},"skip":true}},"statementMap":{"1":{"start":{"line":12,"column":0},"end":{"line":185,"column":5}},"2":{"start":{"line":14,"column":4},"end":{"line":14,"column":14}},"3":{"start":{"line":19,"column":4},"end":{"line":56,"column":9}},"4":{"start":{"line":21,"column":8},"end":{"line":21,"column":19}},"5":{"start":{"line":23,"column":8},"end":{"line":35,"column":13}},"6":{"start":{"line":24,"column":12},"end":{"line":34,"column":13}},"7":{"start":{"line":25,"column":16},"end":{"line":28,"column":30}},"8":{"start":{"line":30,"column":16},"end":{"line":33,"column":27}},"9":{"start":{"line":37,"column":8},"end":{"line":39,"column":21}},"10":{"start":{"line":40,"column":8},"end":{"line":53,"column":9}},"11":{"start":{"line":43,"column":12},"end":{"line":46,"column":14}},"12":{"start":{"line":47,"column":12},"end":{"line":47,"column":18}},"13":{"start":{"line":50,"column":12},"end":{"line":51,"column":46}},"14":{"start":{"line":52,"column":12},"end":{"line":52,"column":18}},"15":{"start":{"line":55,"column":8},"end":{"line":55,"column":35}},"16":{"start":{"line":61,"column":4},"end":{"line":63,"column":9}},"17":{"start":{"line":62,"column":8},"end":{"line":62,"column":15}},"18":{"start":{"line":64,"column":4},"end":{"line":77,"column":5}},"19":{"start":{"line":70,"column":8},"end":{"line":70,"column":14}},"20":{"start":{"line":76,"column":8},"end":{"line":76,"column":14}},"21":{"start":{"line":82,"column":4},"end":{"line":84,"column":9}},"22":{"start":{"line":83,"column":8},"end":{"line":83,"column":15}},"23":{"start":{"line":85,"column":4},"end":{"line":184,"column":5}},"24":{"start":{"line":92,"column":8},"end":{"line":94,"column":63}},"25":{"start":{"line":95,"column":8},"end":{"line":95,"column":14}},"26":{"start":{"line":102,"column":8},"end":{"line":111,"column":10},"skip":true},"27":{"start":{"line":109,"column":12},"end":{"line":109,"column":55},"skip":true},"28":{"start":{"line":110,"column":12},"end":{"line":110,"column":48},"skip":true},"29":{"start":{"line":113,"column":8},"end":{"line":126,"column":10},"skip":true},"30":{"start":{"line":120,"column":12},"end":{"line":120,"column":76},"skip":true},"31":{"start":{"line":121,"column":12},"end":{"line":121,"column":73},"skip":true},"32":{"start":{"line":122,"column":12},"end":{"line":122,"column":74},"skip":true},"33":{"start":{"line":123,"column":12},"end":{"line":123,"column":79},"skip":true},"34":{"start":{"line":124,"column":12},"end":{"line":124,"column":25},"skip":true},"35":{"start":{"line":125,"column":12},"end":{"line":125,"column":45},"skip":true},"36":{"start":{"line":128,"column":8},"end":{"line":135,"column":14},"skip":true},"37":{"start":{"line":133,"column":16},"end":{"line":133,"column":29},"skip":true},"38":{"start":{"line":134,"column":16},"end":{"line":134,"column":55},"skip":true},"39":{"start":{"line":137,"column":8},"end":{"line":146,"column":10},"skip":true},"40":{"start":{"line":144,"column":12},"end":{"line":144,"column":25},"skip":true},"41":{"start":{"line":145,"column":12},"end":{"line":145,"column":45},"skip":true},"42":{"start":{"line":148,"column":8},"end":{"line":157,"column":10},"skip":true},"43":{"start":{"line":155,"column":12},"end":{"line":155,"column":25},"skip":true},"44":{"start":{"line":156,"column":12},"end":{"line":156,"column":48},"skip":true},"45":{"start":{"line":159,"column":8},"end":{"line":168,"column":10},"skip":true},"46":{"start":{"line":166,"column":12},"end":{"line":166,"column":25},"skip":true},"47":{"start":{"line":167,"column":12},"end":{"line":167,"column":46},"skip":true},"48":{"start":{"line":170,"column":8},"end":{"line":179,"column":10},"skip":true},"49":{"start":{"line":177,"column":12},"end":{"line":177,"column":94},"skip":true},"50":{"start":{"line":178,"column":12},"end":{"line":178,"column":48},"skip":true},"51":{"start":{"line":182,"column":8},"end":{"line":182,"column":35},"skip":true},"52":{"start":{"line":183,"column":8},"end":{"line":183,"column":14},"skip":true}},"branchMap":{"1":{"line":25,"type":"binary-expr","locations":[{"start":{"line":25,"column":23},"end":{"line":25,"column":62}},{"start":{"line":26,"column":20},"end":{"line":26,"column":70}},{"start":{"line":27,"column":20},"end":{"line":27,"column":71}},{"start":{"line":28,"column":20},"end":{"line":28,"column":29}}]},"2":{"line":30,"type":"binary-expr","locations":[{"start":{"line":30,"column":23},"end":{"line":30,"column":37}},{"start":{"line":31,"column":20},"end":{"line":31,"column":61}},{"start":{"line":32,"column":20},"end":{"line":32,"column":70}},{"start":{"line":33,"column":20},"end":{"line":33,"column":26}}]},"3":{"line":37,"type":"cond-expr","locations":[{"start":{"line":38,"column":14},"end":{"line":38,"column":20}},{"start":{"line":39,"column":14},"end":{"line":39,"column":20}}]},"4":{"line":40,"type":"switch","locations":[{"start":{"line":42,"column":8},"end":{"line":47,"column":18}},{"start":{"line":49,"column":8},"end":{"line":52,"column":18}}]},"5":{"line":44,"type":"binary-expr","locations":[{"start":{"line":44,"column":16},"end":{"line":44,"column":44}},{"start":{"line":44,"column":48},"end":{"line":44,"column":66}}]},"6":{"line":50,"type":"binary-expr","locations":[{"start":{"line":50,"column":21},"end":{"line":50,"column":49}},{"start":{"line":50,"column":53},"end":{"line":50,"column":72}}]},"7":{"line":64,"type":"switch","locations":[{"start":{"line":69,"column":4},"end":{"line":70,"column":14}},{"start":{"line":75,"column":4},"end":{"line":76,"column":14}}]},"8":{"line":85,"type":"switch","locations":[{"start":{"line":90,"column":4},"end":{"line":95,"column":14}},{"start":{"line":101,"column":4},"end":{"line":183,"column":14},"skip":true}]},"9":{"line":92,"type":"binary-expr","locations":[{"start":{"line":92,"column":18},"end":{"line":92,"column":32}},{"start":{"line":93,"column":12},"end":{"line":93,"column":53}},{"start":{"line":94,"column":12},"end":{"line":94,"column":61}}]},"10":{"line":102,"type":"binary-expr","locations":[{"start":{"line":102,"column":45},"end":{"line":102,"column":79},"skip":true},{"start":{"line":102,"column":83},"end":{"line":111,"column":9},"skip":true}]},"11":{"line":113,"type":"binary-expr","locations":[{"start":{"line":113,"column":42},"end":{"line":113,"column":73},"skip":true},{"start":{"line":113,"column":77},"end":{"line":126,"column":9},"skip":true}]},"12":{"line":128,"type":"binary-expr","locations":[{"start":{"line":128,"column":48},"end":{"line":128,"column":85},"skip":true},{"start":{"line":129,"column":12},"end":{"line":135,"column":13},"skip":true}]},"13":{"line":137,"type":"binary-expr","locations":[{"start":{"line":137,"column":42},"end":{"line":137,"column":73},"skip":true},{"start":{"line":137,"column":77},"end":{"line":146,"column":9},"skip":true}]},"14":{"line":148,"type":"binary-expr","locations":[{"start":{"line":148,"column":45},"end":{"line":148,"column":79},"skip":true},{"start":{"line":148,"column":83},"end":{"line":157,"column":9},"skip":true}]},"15":{"line":159,"type":"binary-expr","locations":[{"start":{"line":159,"column":43},"end":{"line":159,"column":75},"skip":true},{"start":{"line":159,"column":79},"end":{"line":168,"column":9},"skip":true}]},"16":{"line":170,"type":"binary-expr","locations":[{"start":{"line":170,"column":41},"end":{"line":170,"column":71},"skip":true},{"start":{"line":170,"column":75},"end":{"line":179,"column":9},"skip":true}]}},"code":["/* istanbul instrument in package npmtest_fontmin */","/*jslint","    bitwise: true,","    browser: true,","    maxerr: 8,","    maxlen: 96,","    node: true,","    nomen: true,","    regexp: true,","    stupid: true","*/","(function () {","    'use strict';","    var local;","","","","    // run shared js-env code - pre-init","    (function () {","        // init local","        local = {};","        // init modeJs","        local.modeJs = (function () {","            try {","                return typeof navigator.userAgent === 'string' &&","                    typeof document.querySelector('body') === 'object' &&","                    typeof XMLHttpRequest.prototype.open === 'function' &&","                    'browser';","            } catch (errorCaughtBrowser) {","                return module.exports &&","                    typeof process.versions.node === 'string' &&","                    typeof require('http').createServer === 'function' &&","                    'node';","            }","        }());","        // init global","        local.global = local.modeJs === 'browser'","            ? window","            : global;","        switch (local.modeJs) {","        // re-init local from window.local","        case 'browser':","            local = local.global.utility2.objectSetDefault(","                local.global.utility2_rollup || local.global.local,","                local.global.utility2","            );","            break;","        // re-init local from example.js","        case 'node':","            local = (local.global.utility2_rollup || require('utility2'))","                .requireExampleJsFromReadme();","            break;","        }","        // export local","        local.global.local = local;","    }());","","","","    // run shared js-env code - function","    (function () {","        return;","    }());","    switch (local.modeJs) {","","","","    // run browser js-env code - function","    case 'browser':","        break;","","","","    // run node js-env code - function","    case 'node':","        break;","    }","","","","    // run shared js-env code - post-init","    (function () {","        return;","    }());","    switch (local.modeJs) {","","","","    // run browser js-env code - post-init","    case 'browser':","        // run tests","        local.nop(local.modeTest &&","            document.querySelector('#testRunButton1') &&","            document.querySelector('#testRunButton1').click());","        break;","","","","    // run node js-env code - post-init","    /* istanbul ignore next */","    case 'node':","        local.testCase_buildApidoc_default = local.testCase_buildApidoc_default || function (","            options,","            onError","        ) {","        /*","         * this function will test buildApidoc's default handling-behavior-behavior","         */","            options = { modulePathList: module.paths };","            local.buildApidoc(options, onError);","        };","","        local.testCase_buildApp_default = local.testCase_buildApp_default || function (","            options,","            onError","        ) {","        /*","         * this function will test buildApp's default handling-behavior-behavior","         */","            local.testCase_buildReadme_default(options, local.onErrorThrow);","            local.testCase_buildLib_default(options, local.onErrorThrow);","            local.testCase_buildTest_default(options, local.onErrorThrow);","            local.testCase_buildCustomOrg_default(options, local.onErrorThrow);","            options = [];","            local.buildApp(options, onError);","        };","","        local.testCase_buildCustomOrg_default = local.testCase_buildCustomOrg_default ||","            function (options, onError) {","            /*","             * this function will test buildCustomOrg's default handling-behavior","             */","                options = {};","                local.buildCustomOrg(options, onError);","            };","","        local.testCase_buildLib_default = local.testCase_buildLib_default || function (","            options,","            onError","        ) {","        /*","         * this function will test buildLib's default handling-behavior","         */","            options = {};","            local.buildLib(options, onError);","        };","","        local.testCase_buildReadme_default = local.testCase_buildReadme_default || function (","            options,","            onError","        ) {","        /*","         * this function will test buildReadme's default handling-behavior-behavior","         */","            options = {};","            local.buildReadme(options, onError);","        };","","        local.testCase_buildTest_default = local.testCase_buildTest_default || function (","            options,","            onError","        ) {","        /*","         * this function will test buildTest's default handling-behavior","         */","            options = {};","            local.buildTest(options, onError);","        };","","        local.testCase_webpage_default = local.testCase_webpage_default || function (","            options,","            onError","        ) {","        /*","         * this function will test webpage's default handling-behavior","         */","            options = { modeCoverageMerge: true, url: local.serverLocalHost + '?modeTest=1' };","            local.browserTest(options, onError);","        };","","        // run test-server","        local.testRunServer(local);","        break;","    }","}());",""],"l":{"12":2,"14":2,"19":2,"21":2,"23":2,"24":2,"25":2,"30":1,"37":2,"40":2,"43":1,"47":1,"50":1,"52":1,"55":2,"61":2,"62":2,"64":2,"70":1,"76":1,"82":2,"83":2,"85":2,"92":1,"95":1,"102":1,"109":1,"110":1,"113":1,"120":1,"121":1,"122":1,"123":1,"124":1,"125":1,"128":1,"133":2,"134":2,"137":1,"144":2,"145":2,"148":1,"155":2,"156":2,"159":1,"166":2,"167":2,"170":1,"177":1,"178":1,"182":1,"183":1}},"/home/travis/build/npmtest/node-npmtest-fontmin/lib.npmtest_fontmin.js":{"path":"/home/travis/build/npmtest/node-npmtest-fontmin/lib.npmtest_fontmin.js","s":{"1":2,"2":2,"3":2,"4":2,"5":2,"6":2,"7":2,"8":1,"9":2,"10":2,"11":2,"12":2,"13":1,"14":1,"15":1,"16":1},"b":{"1":[2,1,1,1],"2":[1,1,1,1],"3":[1,1],"4":[2,2],"5":[1,1]},"f":{"1":2,"2":2,"3":2},"fnMap":{"1":{"name":"(anonymous_1)","line":12,"loc":{"start":{"line":12,"column":1},"end":{"line":12,"column":13}}},"2":{"name":"(anonymous_2)","line":19,"loc":{"start":{"line":19,"column":5},"end":{"line":19,"column":17}}},"3":{"name":"(anonymous_3)","line":23,"loc":{"start":{"line":23,"column":24},"end":{"line":23,"column":36}}}},"statementMap":{"1":{"start":{"line":12,"column":0},"end":{"line":53,"column":5}},"2":{"start":{"line":14,"column":4},"end":{"line":14,"column":14}},"3":{"start":{"line":19,"column":4},"end":{"line":52,"column":9}},"4":{"start":{"line":21,"column":8},"end":{"line":21,"column":19}},"5":{"start":{"line":23,"column":8},"end":{"line":35,"column":13}},"6":{"start":{"line":24,"column":12},"end":{"line":34,"column":13}},"7":{"start":{"line":25,"column":16},"end":{"line":28,"column":30}},"8":{"start":{"line":30,"column":16},"end":{"line":33,"column":27}},"9":{"start":{"line":37,"column":8},"end":{"line":39,"column":21}},"10":{"start":{"line":41,"column":8},"end":{"line":41,"column":54}},"11":{"start":{"line":43,"column":8},"end":{"line":43,"column":52}},"12":{"start":{"line":45,"column":8},"end":{"line":51,"column":9}},"13":{"start":{"line":46,"column":12},"end":{"line":46,"column":58}},"14":{"start":{"line":48,"column":12},"end":{"line":48,"column":35}},"15":{"start":{"line":49,"column":12},"end":{"line":49,"column":49}},"16":{"start":{"line":50,"column":12},"end":{"line":50,"column":43}}},"branchMap":{"1":{"line":25,"type":"binary-expr","locations":[{"start":{"line":25,"column":23},"end":{"line":25,"column":62}},{"start":{"line":26,"column":20},"end":{"line":26,"column":70}},{"start":{"line":27,"column":20},"end":{"line":27,"column":71}},{"start":{"line":28,"column":20},"end":{"line":28,"column":29}}]},"2":{"line":30,"type":"binary-expr","locations":[{"start":{"line":30,"column":23},"end":{"line":30,"column":37}},{"start":{"line":31,"column":20},"end":{"line":31,"column":61}},{"start":{"line":32,"column":20},"end":{"line":32,"column":70}},{"start":{"line":33,"column":20},"end":{"line":33,"column":26}}]},"3":{"line":37,"type":"cond-expr","locations":[{"start":{"line":38,"column":14},"end":{"line":38,"column":20}},{"start":{"line":39,"column":14},"end":{"line":39,"column":20}}]},"4":{"line":41,"type":"binary-expr","locations":[{"start":{"line":41,"column":16},"end":{"line":41,"column":44}},{"start":{"line":41,"column":48},"end":{"line":41,"column":53}}]},"5":{"line":45,"type":"if","locations":[{"start":{"line":45,"column":8},"end":{"line":45,"column":8}},{"start":{"line":45,"column":8},"end":{"line":45,"column":8}}]}},"code":["/* istanbul instrument in package npmtest_fontmin */","/*jslint","    bitwise: true,","    browser: true,","    maxerr: 8,","    maxlen: 96,","    node: true,","    nomen: true,","    regexp: true,","    stupid: true","*/","(function () {","    'use strict';","    var local;","","","","    // run shared js-env code - pre-init","    (function () {","        // init local","        local = {};","        // init modeJs","        local.modeJs = (function () {","            try {","                return typeof navigator.userAgent === 'string' &&","                    typeof document.querySelector('body') === 'object' &&","                    typeof XMLHttpRequest.prototype.open === 'function' &&","                    'browser';","            } catch (errorCaughtBrowser) {","                return module.exports &&","                    typeof process.versions.node === 'string' &&","                    typeof require('http').createServer === 'function' &&","                    'node';","            }","        }());","        // init global","        local.global = local.modeJs === 'browser'","            ? window","            : global;","        // init utility2_rollup","        local = local.global.utility2_rollup || local;","        // init lib","        local.local = local.npmtest_fontmin = local;","        // init exports","        if (local.modeJs === 'browser') {","            local.global.utility2_npmtest_fontmin = local;","        } else {","            module.exports = local;","            module.exports.__dirname = __dirname;","            module.exports.module = module;","        }","    }());","}());",""],"l":{"12":2,"14":2,"19":2,"21":2,"23":2,"24":2,"25":2,"30":1,"37":2,"41":2,"43":2,"45":2,"46":1,"48":1,"49":1,"50":1}},"/home/travis/build/npmtest/node-npmtest-fontmin/example.js":{"path":"/home/travis/build/npmtest/node-npmtest-fontmin/example.js","s":{"1":2,"2":2,"3":2,"4":2,"5":2,"6":2,"7":2,"8":1,"9":2,"10":2,"11":2,"12":2,"13":1,"14":2,"15":2,"16":2,"17":2,"18":2,"19":0,"20":2,"21":1,"22":1,"23":1,"24":1,"25":1,"26":0,"27":0,"28":1,"29":1,"30":2,"31":0,"32":0,"33":0,"34":1,"35":2,"36":2,"37":2,"38":2,"39":2,"40":2,"41":0,"42":2,"43":2,"44":2,"45":1,"46":3,"47":1,"48":1,"49":1,"50":1,"51":1,"52":1,"53":1,"54":1,"55":1,"56":1,"57":0,"58":1,"59":6,"60":6,"61":1,"62":2,"63":0,"64":2,"65":1,"66":1,"67":0,"68":0,"69":0,"70":0,"71":0,"72":0,"73":0,"74":0,"75":0,"76":0,"77":0,"78":0,"79":0,"80":0,"81":0,"82":0,"83":0},"b":{"1":[2,1,1,1],"2":[1,1,1,1],"3":[1,1],"4":[2,2],"5":[1,1],"6":[1,1],"7":[2,0],"8":[2,1,1,1,1,1],"9":[0,2,0],"10":[1,1],"11":[2,1,1],"12":[1,0],"13":[0,2],"14":[2,0,0,0,0,0,0],"15":[0,2],"16":[2,0],"17":[1,1],"18":[0,1],"19":[1,2,0,2],"20":[1,0],"21":[1,1],"22":[0,0],"23":[0,0],"24":[0,0],"25":[0,0],"26":[0,0],"27":[0,0],"28":[0,0]},"f":{"1":2,"2":2,"3":2,"4":2,"5":2,"6":2,"7":2,"8":2,"9":3,"10":1,"11":6,"12":0},"fnMap":{"1":{"name":"(anonymous_1)","line":26,"loc":{"start":{"line":26,"column":1},"end":{"line":26,"column":13}}},"2":{"name":"(anonymous_2)","line":33,"loc":{"start":{"line":33,"column":5},"end":{"line":33,"column":17}}},"3":{"name":"(anonymous_3)","line":37,"loc":{"start":{"line":37,"column":24},"end":{"line":37,"column":36}}},"4":{"name":"(anonymous_4)","line":69,"loc":{"start":{"line":69,"column":31},"end":{"line":69,"column":48}},"skip":true},"5":{"name":"(anonymous_5)","line":78,"loc":{"start":{"line":78,"column":26},"end":{"line":78,"column":45}},"skip":true},"6":{"name":"(anonymous_6)","line":123,"loc":{"start":{"line":123,"column":33},"end":{"line":123,"column":48}},"skip":true},"7":{"name":"(anonymous_7)","line":125,"loc":{"start":{"line":125,"column":27},"end":{"line":125,"column":39}},"skip":true},"8":{"name":"(anonymous_8)","line":133,"loc":{"start":{"line":133,"column":59},"end":{"line":133,"column":74}},"skip":true},"9":{"name":"(anonymous_9)","line":143,"loc":{"start":{"line":143,"column":45},"end":{"line":143,"column":62}},"skip":true},"10":{"name":"(anonymous_10)","line":144,"loc":{"start":{"line":144,"column":73},"end":{"line":144,"column":92}},"skip":true},"11":{"name":"(anonymous_11)","line":272,"loc":{"start":{"line":272,"column":51},"end":{"line":272,"column":77}},"skip":true},"12":{"name":"(anonymous_12)","line":314,"loc":{"start":{"line":314,"column":32},"end":{"line":314,"column":61}},"skip":true}},"statementMap":{"1":{"start":{"line":26,"column":0},"end":{"line":325,"column":5}},"2":{"start":{"line":28,"column":4},"end":{"line":28,"column":14}},"3":{"start":{"line":33,"column":4},"end":{"line":60,"column":9}},"4":{"start":{"line":35,"column":8},"end":{"line":35,"column":19}},"5":{"start":{"line":37,"column":8},"end":{"line":49,"column":13}},"6":{"start":{"line":38,"column":12},"end":{"line":48,"column":13}},"7":{"start":{"line":39,"column":16},"end":{"line":42,"column":30}},"8":{"start":{"line":44,"column":16},"end":{"line":47,"column":27}},"9":{"start":{"line":51,"column":8},"end":{"line":53,"column":21}},"10":{"start":{"line":55,"column":8},"end":{"line":57,"column":45}},"11":{"start":{"line":59,"column":8},"end":{"line":59,"column":35}},"12":{"start":{"line":61,"column":4},"end":{"line":324,"column":5}},"13":{"start":{"line":69,"column":8},"end":{"line":121,"column":10},"skip":true},"14":{"start":{"line":70,"column":12},"end":{"line":88,"column":13},"skip":true},"15":{"start":{"line":76,"column":16},"end":{"line":87,"column":19},"skip":true},"16":{"start":{"line":79,"column":20},"end":{"line":86,"column":21},"skip":true},"17":{"start":{"line":82,"column":24},"end":{"line":82,"column":43},"skip":true},"18":{"start":{"line":83,"column":24},"end":{"line":83,"column":30},"skip":true},"19":{"start":{"line":85,"column":24},"end":{"line":85,"column":49},"skip":true},"20":{"start":{"line":89,"column":12},"end":{"line":107,"column":13},"skip":true},"21":{"start":{"line":92,"column":16},"end":{"line":102,"column":17},"skip":true},"22":{"start":{"line":93,"column":20},"end":{"line":93,"column":86},"skip":true},"23":{"start":{"line":94,"column":20},"end":{"line":95,"column":45},"skip":true},"24":{"start":{"line":96,"column":20},"end":{"line":96,"column":42},"skip":true},"25":{"start":{"line":97,"column":20},"end":{"line":97,"column":48},"skip":true},"26":{"start":{"line":100,"column":20},"end":{"line":100,"column":85},"skip":true},"27":{"start":{"line":101,"column":20},"end":{"line":101,"column":96},"skip":true},"28":{"start":{"line":103,"column":16},"end":{"line":103,"column":22},"skip":true},"29":{"start":{"line":106,"column":16},"end":{"line":106,"column":22},"skip":true},"30":{"start":{"line":108,"column":12},"end":{"line":120,"column":13},"skip":true},"31":{"start":{"line":114,"column":16},"end":{"line":119,"column":17},"skip":true},"32":{"start":{"line":116,"column":20},"end":{"line":116,"column":78},"skip":true},"33":{"start":{"line":118,"column":20},"end":{"line":118,"column":47},"skip":true},"34":{"start":{"line":123,"column":8},"end":{"line":141,"column":11},"skip":true},"35":{"start":{"line":124,"column":12},"end":{"line":124,"column":54},"skip":true},"36":{"start":{"line":125,"column":12},"end":{"line":140,"column":14},"skip":true},"37":{"start":{"line":126,"column":16},"end":{"line":126,"column":28},"skip":true},"38":{"start":{"line":127,"column":16},"end":{"line":127,"column":69},"skip":true},"39":{"start":{"line":128,"column":16},"end":{"line":128,"column":75},"skip":true},"40":{"start":{"line":129,"column":16},"end":{"line":131,"column":17},"skip":true},"41":{"start":{"line":130,"column":20},"end":{"line":130,"column":27},"skip":true},"42":{"start":{"line":133,"column":16},"end":{"line":137,"column":36},"skip":true},"43":{"start":{"line":134,"column":20},"end":{"line":136,"column":55},"skip":true},"44":{"start":{"line":139,"column":16},"end":{"line":139,"column":57},"skip":true},"45":{"start":{"line":143,"column":8},"end":{"line":147,"column":11},"skip":true},"46":{"start":{"line":144,"column":12},"end":{"line":146,"column":15},"skip":true},"47":{"start":{"line":145,"column":16},"end":{"line":145,"column":70},"skip":true},"48":{"start":{"line":149,"column":8},"end":{"line":149,"column":31},"skip":true},"49":{"start":{"line":150,"column":8},"end":{"line":150,"column":14},"skip":true},"50":{"start":{"line":158,"column":8},"end":{"line":158,"column":31},"skip":true},"51":{"start":{"line":160,"column":8},"end":{"line":160,"column":33},"skip":true},"52":{"start":{"line":161,"column":8},"end":{"line":161,"column":37},"skip":true},"53":{"start":{"line":162,"column":8},"end":{"line":162,"column":35},"skip":true},"54":{"start":{"line":164,"column":8},"end":{"line":164,"column":50},"skip":true},"55":{"start":{"line":166,"column":8},"end":{"line":256,"column":2},"skip":true},"56":{"start":{"line":258,"column":8},"end":{"line":286,"column":9},"skip":true},"57":{"start":{"line":259,"column":12},"end":{"line":269,"column":14},"skip":true},"58":{"start":{"line":271,"column":12},"end":{"line":285,"column":19},"skip":true},"59":{"start":{"line":274,"column":20},"end":{"line":274,"column":35},"skip":true},"60":{"start":{"line":275,"column":20},"end":{"line":284,"column":21},"skip":true},"61":{"start":{"line":277,"column":24},"end":{"line":277,"column":64},"skip":true},"62":{"start":{"line":279,"column":24},"end":{"line":279,"column":40},"skip":true},"63":{"start":{"line":281,"column":24},"end":{"line":281,"column":40},"skip":true},"64":{"start":{"line":283,"column":24},"end":{"line":283,"column":39},"skip":true},"65":{"start":{"line":288,"column":8},"end":{"line":290,"column":9},"skip":true},"66":{"start":{"line":289,"column":12},"end":{"line":289,"column":18},"skip":true},"67":{"start":{"line":291,"column":8},"end":{"line":293,"column":54},"skip":true},"68":{"start":{"line":294,"column":8},"end":{"line":301,"column":37},"skip":true},"69":{"start":{"line":302,"column":8},"end":{"line":302,"column":82},"skip":true},"70":{"start":{"line":305,"column":8},"end":{"line":307,"column":9},"skip":true},"71":{"start":{"line":306,"column":12},"end":{"line":306,"column":82},"skip":true},"72":{"start":{"line":309,"column":8},"end":{"line":311,"column":9},"skip":true},"73":{"start":{"line":310,"column":12},"end":{"line":310,"column":18},"skip":true},"74":{"start":{"line":312,"column":8},"end":{"line":312,"column":54},"skip":true},"75":{"start":{"line":313,"column":8},"end":{"line":313,"column":69},"skip":true},"76":{"start":{"line":314,"column":8},"end":{"line":322,"column":36},"skip":true},"77":{"start":{"line":315,"column":12},"end":{"line":315,"column":61},"skip":true},"78":{"start":{"line":316,"column":12},"end":{"line":319,"column":13},"skip":true},"79":{"start":{"line":317,"column":16},"end":{"line":317,"column":75},"skip":true},"80":{"start":{"line":318,"column":16},"end":{"line":318,"column":23},"skip":true},"81":{"start":{"line":320,"column":12},"end":{"line":320,"column":38},"skip":true},"82":{"start":{"line":321,"column":12},"end":{"line":321,"column":27},"skip":true},"83":{"start":{"line":323,"column":8},"end":{"line":323,"column":14},"skip":true}},"branchMap":{"1":{"line":39,"type":"binary-expr","locations":[{"start":{"line":39,"column":23},"end":{"line":39,"column":62}},{"start":{"line":40,"column":20},"end":{"line":40,"column":70}},{"start":{"line":41,"column":20},"end":{"line":41,"column":71}},{"start":{"line":42,"column":20},"end":{"line":42,"column":29}}]},"2":{"line":44,"type":"binary-expr","locations":[{"start":{"line":44,"column":23},"end":{"line":44,"column":37}},{"start":{"line":45,"column":20},"end":{"line":45,"column":61}},{"start":{"line":46,"column":20},"end":{"line":46,"column":70}},{"start":{"line":47,"column":20},"end":{"line":47,"column":26}}]},"3":{"line":51,"type":"cond-expr","locations":[{"start":{"line":52,"column":14},"end":{"line":52,"column":20}},{"start":{"line":53,"column":14},"end":{"line":53,"column":20}}]},"4":{"line":55,"type":"binary-expr","locations":[{"start":{"line":55,"column":16},"end":{"line":55,"column":44}},{"start":{"line":55,"column":49},"end":{"line":57,"column":43}}]},"5":{"line":55,"type":"cond-expr","locations":[{"start":{"line":56,"column":14},"end":{"line":56,"column":51}},{"start":{"line":57,"column":14},"end":{"line":57,"column":43}}]},"6":{"line":61,"type":"switch","locations":[{"start":{"line":68,"column":4},"end":{"line":150,"column":14},"skip":true},{"start":{"line":156,"column":4},"end":{"line":323,"column":14},"skip":true}]},"7":{"line":70,"type":"if","locations":[{"start":{"line":70,"column":12},"end":{"line":70,"column":12},"skip":true},{"start":{"line":70,"column":12},"end":{"line":70,"column":12},"skip":true}]},"8":{"line":70,"type":"binary-expr","locations":[{"start":{"line":70,"column":16},"end":{"line":70,"column":22},"skip":true},{"start":{"line":70,"column":27},"end":{"line":70,"column":32},"skip":true},{"start":{"line":71,"column":20},"end":{"line":71,"column":39},"skip":true},{"start":{"line":72,"column":20},"end":{"line":72,"column":49},"skip":true},{"start":{"line":73,"column":20},"end":{"line":73,"column":58},"skip":true},{"start":{"line":74,"column":20},"end":{"line":74,"column":69},"skip":true}]},"9":{"line":79,"type":"switch","locations":[{"start":{"line":80,"column":20},"end":{"line":80,"column":33},"skip":true},{"start":{"line":81,"column":20},"end":{"line":83,"column":30},"skip":true},{"start":{"line":84,"column":20},"end":{"line":85,"column":49},"skip":true}]},"10":{"line":89,"type":"switch","locations":[{"start":{"line":90,"column":12},"end":{"line":103,"column":22},"skip":true},{"start":{"line":105,"column":12},"end":{"line":106,"column":22},"skip":true}]},"11":{"line":89,"type":"binary-expr","locations":[{"start":{"line":89,"column":20},"end":{"line":89,"column":25},"skip":true},{"start":{"line":89,"column":29},"end":{"line":89,"column":48},"skip":true},{"start":{"line":89,"column":52},"end":{"line":89,"column":74},"skip":true}]},"12":{"line":92,"type":"if","locations":[{"start":{"line":92,"column":16},"end":{"line":92,"column":16},"skip":true},{"start":{"line":92,"column":16},"end":{"line":92,"column":16},"skip":true}]},"13":{"line":108,"type":"if","locations":[{"start":{"line":108,"column":12},"end":{"line":108,"column":12},"skip":true},{"start":{"line":108,"column":12},"end":{"line":108,"column":12},"skip":true}]},"14":{"line":108,"type":"binary-expr","locations":[{"start":{"line":108,"column":16},"end":{"line":108,"column":61},"skip":true},{"start":{"line":108,"column":66},"end":{"line":108,"column":72},"skip":true},{"start":{"line":108,"column":77},"end":{"line":108,"column":82},"skip":true},{"start":{"line":109,"column":20},"end":{"line":109,"column":39},"skip":true},{"start":{"line":110,"column":20},"end":{"line":110,"column":49},"skip":true},{"start":{"line":111,"column":20},"end":{"line":111,"column":58},"skip":true},{"start":{"line":112,"column":20},"end":{"line":112,"column":68},"skip":true}]},"15":{"line":129,"type":"if","locations":[{"start":{"line":129,"column":16},"end":{"line":129,"column":16},"skip":true},{"start":{"line":129,"column":16},"end":{"line":129,"column":16},"skip":true}]},"16":{"line":134,"type":"cond-expr","locations":[{"start":{"line":135,"column":26},"end":{"line":135,"column":29},"skip":true},{"start":{"line":136,"column":26},"end":{"line":136,"column":54},"skip":true}]},"17":{"line":164,"type":"binary-expr","locations":[{"start":{"line":164,"column":27},"end":{"line":164,"column":43},"skip":true},{"start":{"line":164,"column":47},"end":{"line":164,"column":49},"skip":true}]},"18":{"line":258,"type":"if","locations":[{"start":{"line":258,"column":8},"end":{"line":258,"column":8},"skip":true},{"start":{"line":258,"column":8},"end":{"line":258,"column":8},"skip":true}]},"19":{"line":275,"type":"switch","locations":[{"start":{"line":276,"column":20},"end":{"line":277,"column":64},"skip":true},{"start":{"line":278,"column":20},"end":{"line":279,"column":40},"skip":true},{"start":{"line":280,"column":20},"end":{"line":281,"column":40},"skip":true},{"start":{"line":282,"column":20},"end":{"line":283,"column":39},"skip":true}]},"20":{"line":288,"type":"if","locations":[{"start":{"line":288,"column":8},"end":{"line":288,"column":8},"skip":true},{"start":{"line":288,"column":8},"end":{"line":288,"column":8},"skip":true}]},"21":{"line":288,"type":"binary-expr","locations":[{"start":{"line":288,"column":12},"end":{"line":288,"column":40},"skip":true},{"start":{"line":288,"column":44},"end":{"line":288,"column":67},"skip":true}]},"22":{"line":292,"type":"binary-expr","locations":[{"start":{"line":292,"column":12},"end":{"line":292,"column":50},"skip":true},{"start":{"line":293,"column":12},"end":{"line":293,"column":53},"skip":true}]},"23":{"line":295,"type":"binary-expr","locations":[{"start":{"line":295,"column":12},"end":{"line":295,"column":65},"skip":true},{"start":{"line":296,"column":12},"end":{"line":301,"column":36},"skip":true}]},"24":{"line":302,"type":"binary-expr","locations":[{"start":{"line":302,"column":43},"end":{"line":302,"column":75},"skip":true},{"start":{"line":302,"column":79},"end":{"line":302,"column":81},"skip":true}]},"25":{"line":305,"type":"if","locations":[{"start":{"line":305,"column":8},"end":{"line":305,"column":8},"skip":true},{"start":{"line":305,"column":8},"end":{"line":305,"column":8},"skip":true}]},"26":{"line":309,"type":"if","locations":[{"start":{"line":309,"column":8},"end":{"line":309,"column":8},"skip":true},{"start":{"line":309,"column":8},"end":{"line":309,"column":8},"skip":true}]},"27":{"line":312,"type":"binary-expr","locations":[{"start":{"line":312,"column":27},"end":{"line":312,"column":43},"skip":true},{"start":{"line":312,"column":47},"end":{"line":312,"column":53},"skip":true}]},"28":{"line":316,"type":"if","locations":[{"start":{"line":316,"column":12},"end":{"line":316,"column":12},"skip":true},{"start":{"line":316,"column":12},"end":{"line":316,"column":12},"skip":true}]}},"code":["/*","example.js","","quickstart example","","instruction","    1. save this script as example.js","    2. run the shell command:","        $ npm install npmtest-fontmin && PORT=8081 node example.js","    3. play with the browser-demo on http://127.0.0.1:8081","*/","","","","/* istanbul instrument in package npmtest_fontmin */","/*jslint","    bitwise: true,","    browser: true,","    maxerr: 8,","    maxlen: 96,","    node: true,","    nomen: true,","    regexp: true,","    stupid: true","*/","(function () {","    'use strict';","    var local;","","","","    // run shared js-env code - pre-init","    (function () {","        // init local","        local = {};","        // init modeJs","        local.modeJs = (function () {","            try {","                return typeof navigator.userAgent === 'string' &&","                    typeof document.querySelector('body') === 'object' &&","                    typeof XMLHttpRequest.prototype.open === 'function' &&","                    'browser';","            } catch (errorCaughtBrowser) {","                return module.exports &&","                    typeof process.versions.node === 'string' &&","                    typeof require('http').createServer === 'function' &&","                    'node';","            }","        }());","        // init global","        local.global = local.modeJs === 'browser'","            ? window","            : global;","        // init utility2_rollup","        local = local.global.utility2_rollup || (local.modeJs === 'browser'","            ? local.global.utility2_npmtest_fontmin","            : global.utility2_moduleExports);","        // export local","        local.global.local = local;","    }());","    switch (local.modeJs) {","","","","    // post-init","    // run browser js-env code - post-init","    /* istanbul ignore next */","    case 'browser':","        local.testRunBrowser = function (event) {","            if (!event || (event &&","                    event.currentTarget &&","                    event.currentTarget.className &&","                    event.currentTarget.className.includes &&","                    event.currentTarget.className.includes('onreset'))) {","                // reset output","                Array.from(","                    document.querySelectorAll('body > .resettable')","                ).forEach(function (element) {","                    switch (element.tagName) {","                    case 'INPUT':","                    case 'TEXTAREA':","                        element.value = '';","                        break;","                    default:","                        element.textContent = '';","                    }","                });","            }","            switch (event && event.currentTarget && event.currentTarget.id) {","            case 'testRunButton1':","                // show tests","                if (document.querySelector('#testReportDiv1').style.display === 'none') {","                    document.querySelector('#testReportDiv1').style.display = 'block';","                    document.querySelector('#testRunButton1').textContent =","                        'hide internal test';","                    local.modeTest = true;","                    local.testRunDefault(local);","                // hide tests","                } else {","                    document.querySelector('#testReportDiv1').style.display = 'none';","                    document.querySelector('#testRunButton1').textContent = 'run internal test';","                }","                break;","            // custom-case","            default:","                break;","            }","            if (document.querySelector('#inputTextareaEval1') && (!event || (event &&","                    event.currentTarget &&","                    event.currentTarget.className &&","                    event.currentTarget.className.includes &&","                    event.currentTarget.className.includes('oneval')))) {","                // try to eval input-code","                try {","                    /*jslint evil: true*/","                    eval(document.querySelector('#inputTextareaEval1').value);","                } catch (errorCaught) {","                    console.error(errorCaught);","                }","            }","        };","        // log stderr and stdout to #outputTextareaStdout1","        ['error', 'log'].forEach(function (key) {","            console[key + '_original'] = console[key];","            console[key] = function () {","                var element;","                console[key + '_original'].apply(console, arguments);","                element = document.querySelector('#outputTextareaStdout1');","                if (!element) {","                    return;","                }","                // append text to #outputTextareaStdout1","                element.value += Array.from(arguments).map(function (arg) {","                    return typeof arg === 'string'","                        ? arg","                        : JSON.stringify(arg, null, 4);","                }).join(' ') + '\\n';","                // scroll textarea to bottom","                element.scrollTop = element.scrollHeight;","            };","        });","        // init event-handling","        ['change', 'click', 'keyup'].forEach(function (event) {","            Array.from(document.querySelectorAll('.on' + event)).forEach(function (element) {","                element.addEventListener(event, local.testRunBrowser);","            });","        });","        // run tests","        local.testRunBrowser();","        break;","","","","    // run node js-env code - post-init","    /* istanbul ignore next */","    case 'node':","        // export local","        module.exports = local;","        // require modules","        local.fs = require('fs');","        local.http = require('http');","        local.url = require('url');","        // init assets","        local.assetsDict = local.assetsDict || {};","        /* jslint-ignore-begin */","        local.assetsDict['/assets.index.template.html'] = '\\","<!doctype html>\\n\\","<html lang=\"en\">\\n\\","<head>\\n\\","<meta charset=\"UTF-8\">\\n\\","<meta name=\"viewport\" content=\"width=device-width, initial-scale=1\">\\n\\","<title>{{env.npm_package_name}} (v{{env.npm_package_version}})</title>\\n\\","<style>\\n\\","/*csslint\\n\\","    box-sizing: false,\\n\\","    universal-selector: false\\n\\","*/\\n\\","* {\\n\\","    box-sizing: border-box;\\n\\","}\\n\\","body {\\n\\","    background: #dde;\\n\\","    font-family: Arial, Helvetica, sans-serif;\\n\\","    margin: 2rem;\\n\\","}\\n\\","body > * {\\n\\","    margin-bottom: 1rem;\\n\\","}\\n\\",".utility2FooterDiv {\\n\\","    margin-top: 20px;\\n\\","    text-align: center;\\n\\","}\\n\\","</style>\\n\\","<style>\\n\\","/*csslint\\n\\","*/\\n\\","textarea {\\n\\","    font-family: monospace;\\n\\","    height: 10rem;\\n\\","    width: 100%;\\n\\","}\\n\\","textarea[readonly] {\\n\\","    background: #ddd;\\n\\","}\\n\\","</style>\\n\\","</head>\\n\\","<body>\\n\\","<!-- utility2-comment\\n\\","<div id=\"ajaxProgressDiv1\" style=\"background: #d00; height: 2px; left: 0; margin: 0; padding: 0; position: fixed; top: 0; transition: background 0.5s, width 1.5s; width: 25%;\"></div>\\n\\","utility2-comment -->\\n\\","<h1>\\n\\","<!-- utility2-comment\\n\\","    <a\\n\\","        {{#if env.npm_package_homepage}}\\n\\","        href=\"{{env.npm_package_homepage}}\"\\n\\","        {{/if env.npm_package_homepage}}\\n\\","        target=\"_blank\"\\n\\","    >\\n\\","utility2-comment -->\\n\\","        {{env.npm_package_name}} (v{{env.npm_package_version}})\\n\\","<!-- utility2-comment\\n\\","    </a>\\n\\","utility2-comment -->\\n\\","</h1>\\n\\","<h3>{{env.npm_package_description}}</h3>\\n\\","<!-- utility2-comment\\n\\","<h4><a download href=\"assets.app.js\">download standalone app</a></h4>\\n\\","<button class=\"onclick onreset\" id=\"testRunButton1\">run internal test</button><br>\\n\\","<div id=\"testReportDiv1\" style=\"display: none;\"></div>\\n\\","utility2-comment -->\\n\\","\\n\\","\\n\\","\\n\\","<label>stderr and stdout</label>\\n\\","<textarea class=\"resettable\" id=\"outputTextareaStdout1\" readonly></textarea>\\n\\","<!-- utility2-comment\\n\\","{{#if isRollup}}\\n\\","<script src=\"assets.app.js\"></script>\\n\\","{{#unless isRollup}}\\n\\","utility2-comment -->\\n\\","<script src=\"assets.utility2.rollup.js\"></script>\\n\\","<script src=\"jsonp.utility2._stateInit?callback=window.utility2._stateInit\"></script>\\n\\","<script src=\"assets.npmtest_fontmin.rollup.js\"></script>\\n\\","<script src=\"assets.example.js\"></script>\\n\\","<script src=\"assets.test.js\"></script>\\n\\","<!-- utility2-comment\\n\\","{{/if isRollup}}\\n\\","utility2-comment -->\\n\\","<div class=\"utility2FooterDiv\">\\n\\","    [ this app was created with\\n\\","    <a href=\"https://github.com/kaizhu256/node-utility2\" target=\"_blank\">utility2</a>\\n\\","    ]\\n\\","</div>\\n\\","</body>\\n\\","</html>\\n\\","';","        /* jslint-ignore-end */","        if (local.templateRender) {","            local.assetsDict['/'] = local.templateRender(","                local.assetsDict['/assets.index.template.html'],","                {","                    env: local.objectSetDefault(local.env, {","                        npm_package_description: 'the greatest app in the world!',","                        npm_package_name: 'my-app',","                        npm_package_nameAlias: 'my_app',","                        npm_package_version: '0.0.1'","                    })","                }","            );","        } else {","            local.assetsDict['/'] = local.assetsDict['/assets.index.template.html']","                .replace((/\\{\\{env\\.(\\w+?)\\}\\}/g), function (match0, match1) {","                    // jslint-hack","                    String(match0);","                    switch (match1) {","                    case 'npm_package_description':","                        return 'the greatest app in the world!';","                    case 'npm_package_name':","                        return 'my-app';","                    case 'npm_package_nameAlias':","                        return 'my_app';","                    case 'npm_package_version':","                        return '0.0.1';","                    }","                });","        }","        // run the cli","        if (local.global.utility2_rollup || module !== require.main) {","            break;","        }","        local.assetsDict['/assets.example.js'] =","            local.assetsDict['/assets.example.js'] ||","            local.fs.readFileSync(__filename, 'utf8');","        local.assetsDict['/assets.npmtest_fontmin.rollup.js'] =","            local.assetsDict['/assets.npmtest_fontmin.rollup.js'] ||","            local.fs.readFileSync(","                // buildCustomOrg-hack","                local.npmtest_fontmin.__dirname +","                    '/lib.npmtest_fontmin.js',","                'utf8'","            ).replace((/^#!/), '//');","        local.assetsDict['/favicon.ico'] = local.assetsDict['/favicon.ico'] || '';","        // if $npm_config_timeout_exit exists,","        // then exit this process after $npm_config_timeout_exit ms","        if (Number(process.env.npm_config_timeout_exit)) {","            setTimeout(process.exit, Number(process.env.npm_config_timeout_exit));","        }","        // start server","        if (local.global.utility2_serverHttp1) {","            break;","        }","        process.env.PORT = process.env.PORT || '8081';","        console.error('server starting on port ' + process.env.PORT);","        local.http.createServer(function (request, response) {","            request.urlParsed = local.url.parse(request.url);","            if (local.assetsDict[request.urlParsed.pathname] !== undefined) {","                response.end(local.assetsDict[request.urlParsed.pathname]);","                return;","            }","            response.statusCode = 404;","            response.end();","        }).listen(process.env.PORT);","        break;","    }","}());",""],"l":{"26":2,"28":2,"33":2,"35":2,"37":2,"38":2,"39":2,"44":1,"51":2,"55":2,"59":2,"61":2,"69":1,"70":2,"76":2,"79":2,"82":2,"83":2,"85":1,"89":2,"92":1,"93":1,"94":1,"96":1,"97":1,"100":1,"101":1,"103":1,"106":1,"108":2,"114":1,"116":1,"118":1,"123":1,"124":2,"125":2,"126":2,"127":2,"128":2,"129":2,"130":1,"133":2,"134":2,"139":2,"143":1,"144":3,"145":1,"149":1,"150":1,"158":1,"160":1,"161":1,"162":1,"164":1,"166":1,"258":1,"259":1,"271":1,"274":6,"275":6,"277":1,"279":2,"281":1,"283":2,"288":1,"289":1,"291":1,"294":1,"302":1,"305":1,"306":1,"309":1,"310":1,"312":1,"313":1,"314":1,"315":1,"316":1,"317":1,"318":1,"320":1,"321":1,"323":1}},"/home/travis/build/npmtest/node-npmtest-fontmin/node_modules/fontmin/index.js":{"path":"/home/travis/build/npmtest/node-npmtest-fontmin/node_modules/fontmin/index.js","s":{"1":1,"2":1,"3":1,"4":1,"5":1,"6":1,"7":1,"8":0,"9":0,"10":0,"11":0,"12":1,"13":1,"14":0,"15":0,"16":0,"17":0,"18":1,"19":0,"20":0,"21":0,"22":0,"23":1,"24":0,"25":0,"26":1,"27":0,"28":0,"29":0,"30":0,"31":0,"32":1,"33":0,"34":0,"35":0,"36":0,"37":0,"38":0,"39":0,"40":0,"41":0,"42":0,"43":1,"44":0,"45":0,"46":0,"47":1,"48":1,"49":8,"50":1,"51":1,"52":1},"b":{"1":[0,0],"2":[0,0],"3":[0,0],"4":[0,0],"5":[0,0],"6":[0,0],"7":[0,0],"8":[0,0]},"f":{"1":0,"2":0,"3":0,"4":0,"5":0,"6":0,"7":0,"8":0,"9":8},"fnMap":{"1":{"name":"Fontmin","line":21,"loc":{"start":{"line":21,"column":0},"end":{"line":21,"column":19}}},"2":{"name":"(anonymous_2)","line":43,"loc":{"start":{"line":43,"column":24},"end":{"line":43,"column":40}}},"3":{"name":"(anonymous_3)","line":59,"loc":{"start":{"line":59,"column":25},"end":{"line":59,"column":40}}},"4":{"name":"(anonymous_4)","line":75,"loc":{"start":{"line":75,"column":24},"end":{"line":75,"column":42}}},"5":{"name":"(anonymous_5)","line":87,"loc":{"start":{"line":87,"column":24},"end":{"line":87,"column":38}}},"6":{"name":"(anonymous_6)","line":88,"loc":{"start":{"line":88,"column":15},"end":{"line":88,"column":27}}},"7":{"name":"(anonymous_7)","line":104,"loc":{"start":{"line":104,"column":33},"end":{"line":104,"column":45}}},"8":{"name":"(anonymous_8)","line":130,"loc":{"start":{"line":130,"column":29},"end":{"line":130,"column":41}}},"9":{"name":"(anonymous_9)","line":156,"loc":{"start":{"line":156,"column":24},"end":{"line":156,"column":42}}}},"statementMap":{"1":{"start":{"line":8,"column":0},"end":{"line":8,"column":41}},"2":{"start":{"line":9,"column":0},"end":{"line":9,"column":38}},"3":{"start":{"line":10,"column":0},"end":{"line":10,"column":50}},"4":{"start":{"line":11,"column":0},"end":{"line":11,"column":40}},"5":{"start":{"line":12,"column":0},"end":{"line":12,"column":47}},"6":{"start":{"line":13,"column":0},"end":{"line":13,"column":30}},"7":{"start":{"line":21,"column":0},"end":{"line":28,"column":1}},"8":{"start":{"line":22,"column":4},"end":{"line":24,"column":5}},"9":{"start":{"line":23,"column":8},"end":{"line":23,"column":29}},"10":{"start":{"line":26,"column":4},"end":{"line":26,"column":28}},"11":{"start":{"line":27,"column":4},"end":{"line":27,"column":22}},"12":{"start":{"line":34,"column":0},"end":{"line":34,"column":32}},"13":{"start":{"line":43,"column":0},"end":{"line":50,"column":2}},"14":{"start":{"line":44,"column":4},"end":{"line":46,"column":5}},"15":{"start":{"line":45,"column":8},"end":{"line":45,"column":25}},"16":{"start":{"line":48,"column":4},"end":{"line":48,"column":26}},"17":{"start":{"line":49,"column":4},"end":{"line":49,"column":16}},"18":{"start":{"line":59,"column":0},"end":{"line":66,"column":2}},"19":{"start":{"line":60,"column":4},"end":{"line":62,"column":5}},"20":{"start":{"line":61,"column":8},"end":{"line":61,"column":26}},"21":{"start":{"line":64,"column":4},"end":{"line":64,"column":27}},"22":{"start":{"line":65,"column":4},"end":{"line":65,"column":16}},"23":{"start":{"line":75,"column":0},"end":{"line":78,"column":2}},"24":{"start":{"line":76,"column":4},"end":{"line":76,"column":72}},"25":{"start":{"line":77,"column":4},"end":{"line":77,"column":16}},"26":{"start":{"line":87,"column":0},"end":{"line":96,"column":2}},"27":{"start":{"line":88,"column":4},"end":{"line":88,"column":30}},"28":{"start":{"line":90,"column":4},"end":{"line":90,"column":37}},"29":{"start":{"line":92,"column":4},"end":{"line":92,"column":27}},"30":{"start":{"line":93,"column":4},"end":{"line":93,"column":45}},"31":{"start":{"line":95,"column":4},"end":{"line":95,"column":18}},"32":{"start":{"line":104,"column":0},"end":{"line":122,"column":2}},"33":{"start":{"line":105,"column":4},"end":{"line":105,"column":42}},"34":{"start":{"line":107,"column":4},"end":{"line":113,"column":5}},"35":{"start":{"line":108,"column":8},"end":{"line":108,"column":36}},"36":{"start":{"line":109,"column":8},"end":{"line":109,"column":36}},"37":{"start":{"line":110,"column":8},"end":{"line":110,"column":37}},"38":{"start":{"line":111,"column":8},"end":{"line":111,"column":36}},"39":{"start":{"line":112,"column":8},"end":{"line":112,"column":32}},"40":{"start":{"line":115,"column":4},"end":{"line":119,"column":5}},"41":{"start":{"line":116,"column":8},"end":{"line":118,"column":10}},"42":{"start":{"line":121,"column":4},"end":{"line":121,"column":33}},"43":{"start":{"line":130,"column":0},"end":{"line":137,"column":2}},"44":{"start":{"line":132,"column":4},"end":{"line":134,"column":5}},"45":{"start":{"line":133,"column":8},"end":{"line":133,"column":50}},"46":{"start":{"line":136,"column":4},"end":{"line":136,"column":42}},"47":{"start":{"line":144,"column":0},"end":{"line":153,"column":2}},"48":{"start":{"line":156,"column":0},"end":{"line":158,"column":3}},"49":{"start":{"line":157,"column":4},"end":{"line":157,"column":53}},"50":{"start":{"line":163,"column":0},"end":{"line":163,"column":25}},"51":{"start":{"line":166,"column":0},"end":{"line":166,"column":59}},"52":{"start":{"line":167,"column":0},"end":{"line":167,"column":65}}},"branchMap":{"1":{"line":22,"type":"if","locations":[{"start":{"line":22,"column":4},"end":{"line":22,"column":4}},{"start":{"line":22,"column":4},"end":{"line":22,"column":4}}]},"2":{"line":44,"type":"if","locations":[{"start":{"line":44,"column":4},"end":{"line":44,"column":4}},{"start":{"line":44,"column":4},"end":{"line":44,"column":4}}]},"3":{"line":60,"type":"if","locations":[{"start":{"line":60,"column":4},"end":{"line":60,"column":4}},{"start":{"line":60,"column":4},"end":{"line":60,"column":4}}]},"4":{"line":76,"type":"cond-expr","locations":[{"start":{"line":76,"column":53},"end":{"line":76,"column":61}},{"start":{"line":76,"column":64},"end":{"line":76,"column":70}}]},"5":{"line":88,"type":"binary-expr","locations":[{"start":{"line":88,"column":9},"end":{"line":88,"column":11}},{"start":{"line":88,"column":15},"end":{"line":88,"column":29}}]},"6":{"line":107,"type":"if","locations":[{"start":{"line":107,"column":4},"end":{"line":107,"column":4}},{"start":{"line":107,"column":4},"end":{"line":107,"column":4}}]},"7":{"line":115,"type":"if","locations":[{"start":{"line":115,"column":4},"end":{"line":115,"column":4}},{"start":{"line":115,"column":4},"end":{"line":115,"column":4}}]},"8":{"line":132,"type":"if","locations":[{"start":{"line":132,"column":4},"end":{"line":132,"column":4}},{"start":{"line":132,"column":4},"end":{"line":132,"column":4}}]}},"code":["/**"," * @file fontmin"," * @author junmer"," */","","/* eslint-env node */","","var combine = require('stream-combiner');","var concat = require('concat-stream');","var EventEmitter = require('events').EventEmitter;","var inherits = require('util').inherits;","var bufferToVinyl = require('buffer-to-vinyl');","var vfs = require('vinyl-fs');","","/**"," * Initialize Fontmin"," *"," * @constructor"," * @api public"," */","function Fontmin() {","    if (!(this instanceof Fontmin)) {","        return new Fontmin();","    }","","    EventEmitter.call(this);","    this.streams = [];","}","","/**"," * Inherit from `EventEmitter`"," * @type {Class}"," */","inherits(Fontmin, EventEmitter);","","/**"," * Get or set the source files"," *"," * @param {Array|Buffer|string} file files to be optimized"," * @return {Object} fontmin"," * @api public"," */","Fontmin.prototype.src = function (file) {","    if (!arguments.length) {","        return this._src;","    }","","    this._src = arguments;","    return this;","};","","/**"," * Get or set the destination folder"," *"," * @param {string} dir folder to written"," * @return {Object} fontmin"," * @api public"," */","Fontmin.prototype.dest = function (dir) {","    if (!arguments.length) {","        return this._dest;","    }","","    this._dest = arguments;","    return this;","};","","/**"," * Add a plugin to the middleware stack"," *"," * @param {Function} plugin plugin"," * @return {Object} fontmin"," * @api public"," */","Fontmin.prototype.use = function (plugin) {","    this.streams.push(typeof plugin === 'function' ? plugin() : plugin);","    return this;","};","","/**"," * Optimize files"," *"," * @param {Function} cb callback"," * @return {Stream} file stream"," * @api public"," */","Fontmin.prototype.run = function (cb) {","    cb = cb || function () {};","","    var stream = this.createStream();","","    stream.on('error', cb);","    stream.pipe(concat(cb.bind(null, null)));","","    return stream;","};","","/**"," * Create stream"," *"," * @return {Stream} file stream"," * @api private"," */","Fontmin.prototype.createStream = function () {","    this.streams.unshift(this.getFiles());","","    if (this.streams.length === 1) {","        this.use(Fontmin.otf2ttf());","        this.use(Fontmin.ttf2eot());","        this.use(Fontmin.ttf2woff());","        this.use(Fontmin.ttf2svg());","        this.use(Fontmin.css());","    }","","    if (this.dest()) {","        this.streams.push(","            vfs.dest.apply(vfs, this.dest())","        );","    }","","    return combine(this.streams);","};","","/**"," * Get files"," *"," * @return {Stream} file stream"," * @api private"," */","Fontmin.prototype.getFiles = function () {","","    if (Buffer.isBuffer(this._src[0])) {","        return bufferToVinyl.stream(this._src[0]);","    }","","    return vfs.src.apply(vfs, this.src());","};","","/**"," * plugins"," *"," * @type {Array}"," */","Fontmin.plugins = [","    'glyph',","    'ttf2eot',","    'ttf2woff',","    'ttf2svg',","    'css',","    'svg2ttf',","    'svgs2ttf',","    'otf2ttf'","];","","// export pkged plugins","Fontmin.plugins.forEach(function (plugin) {","    Fontmin[plugin] = require('./plugins/' + plugin);","});","","/**"," * Module exports"," */","module.exports = Fontmin;","","// exports util, mime","module.exports.util = exports.util = require('./lib/util');","module.exports.mime = exports.mime = require('./lib/mime-types');",""],"l":{"8":1,"9":1,"10":1,"11":1,"12":1,"13":1,"21":1,"22":0,"23":0,"26":0,"27":0,"34":1,"43":1,"44":0,"45":0,"48":0,"49":0,"59":1,"60":0,"61":0,"64":0,"65":0,"75":1,"76":0,"77":0,"87":1,"88":0,"90":0,"92":0,"93":0,"95":0,"104":1,"105":0,"107":0,"108":0,"109":0,"110":0,"111":0,"112":0,"115":0,"116":0,"121":0,"130":1,"132":0,"133":0,"136":0,"144":1,"156":1,"157":8,"163":1,"166":1,"167":1}},"/home/travis/build/npmtest/node-npmtest-fontmin/node_modules/fontmin/plugins/glyph.js":{"path":"/home/travis/build/npmtest/node-npmtest-fontmin/node_modules/fontmin/plugins/glyph.js","s":{"1":1,"2":1,"3":1,"4":1,"5":1,"6":1,"7":1,"8":1,"9":1,"10":1,"11":0,"12":0,"13":0,"14":0,"15":0,"16":0,"17":1,"18":0,"19":0,"20":0,"21":0,"22":0,"23":0,"24":0,"25":1,"26":0,"27":0,"28":0,"29":0,"30":0,"31":0,"32":0,"33":1,"34":0,"35":0,"36":0,"37":0,"38":0,"39":0,"40":0,"41":0,"42":0,"43":0,"44":0,"45":0,"46":0,"47":0,"48":0,"49":0,"50":0,"51":0,"52":0},"b":{"1":[0,0],"2":[0,0],"3":[0,0],"4":[0,0],"5":[0,0],"6":[0,0],"7":[0,0],"8":[0,0],"9":[0,0],"10":[0,0]},"f":{"1":0,"2":0,"3":0,"4":0,"5":0},"fnMap":{"1":{"name":"getSubsetGlyfs","line":25,"loc":{"start":{"line":25,"column":0},"end":{"line":25,"column":37}}},"2":{"name":"minifyFontObject","line":51,"loc":{"start":{"line":51,"column":0},"end":{"line":51,"column":53}}},"3":{"name":"minifyTtf","line":80,"loc":{"start":{"line":80,"column":0},"end":{"line":80,"column":35}}},"4":{"name":"(anonymous_4)","line":119,"loc":{"start":{"line":119,"column":17},"end":{"line":119,"column":33}}},"5":{"name":"(anonymous_5)","line":130,"loc":{"start":{"line":130,"column":7},"end":{"line":130,"column":32}}}},"statementMap":{"1":{"start":{"line":8,"column":0},"end":{"line":8,"column":26}},"2":{"start":{"line":9,"column":0},"end":{"line":9,"column":30}},"3":{"start":{"line":10,"column":0},"end":{"line":10,"column":34}},"4":{"start":{"line":11,"column":0},"end":{"line":11,"column":41}},"5":{"start":{"line":12,"column":0},"end":{"line":12,"column":53}},"6":{"start":{"line":13,"column":0},"end":{"line":13,"column":53}},"7":{"start":{"line":14,"column":0},"end":{"line":14,"column":31}},"8":{"start":{"line":15,"column":0},"end":{"line":15,"column":31}},"9":{"start":{"line":16,"column":0},"end":{"line":16,"column":34}},"10":{"start":{"line":25,"column":0},"end":{"line":40,"column":1}},"11":{"start":{"line":27,"column":4},"end":{"line":27,"column":20}},"12":{"start":{"line":29,"column":4},"end":{"line":31,"column":7}},"13":{"start":{"line":33,"column":4},"end":{"line":35,"column":5}},"14":{"start":{"line":34,"column":8},"end":{"line":34,"column":40}},"15":{"start":{"line":37,"column":4},"end":{"line":37,"column":38}},"16":{"start":{"line":39,"column":4},"end":{"line":39,"column":18}},"17":{"start":{"line":51,"column":0},"end":{"line":70,"column":1}},"18":{"start":{"line":54,"column":4},"end":{"line":56,"column":5}},"19":{"start":{"line":55,"column":8},"end":{"line":55,"column":25}},"20":{"start":{"line":59,"column":4},"end":{"line":59,"column":33}},"21":{"start":{"line":62,"column":4},"end":{"line":62,"column":45}},"22":{"start":{"line":65,"column":4},"end":{"line":67,"column":5}},"23":{"start":{"line":66,"column":8},"end":{"line":66,"column":20}},"24":{"start":{"line":69,"column":4},"end":{"line":69,"column":21}},"25":{"start":{"line":80,"column":0},"end":{"line":105,"column":1}},"26":{"start":{"line":82,"column":4},"end":{"line":82,"column":22}},"27":{"start":{"line":84,"column":4},"end":{"line":84,"column":26}},"28":{"start":{"line":86,"column":4},"end":{"line":88,"column":5}},"29":{"start":{"line":87,"column":8},"end":{"line":87,"column":58}},"30":{"start":{"line":90,"column":4},"end":{"line":94,"column":6}},"31":{"start":{"line":96,"column":4},"end":{"line":98,"column":6}},"32":{"start":{"line":100,"column":4},"end":{"line":103,"column":6}},"33":{"start":{"line":119,"column":0},"end":{"line":170,"column":2}},"34":{"start":{"line":121,"column":4},"end":{"line":121,"column":55}},"35":{"start":{"line":124,"column":4},"end":{"line":124,"column":46}},"36":{"start":{"line":125,"column":4},"end":{"line":125,"column":51}},"37":{"start":{"line":128,"column":4},"end":{"line":168,"column":7}},"38":{"start":{"line":133,"column":8},"end":{"line":136,"column":9}},"39":{"start":{"line":134,"column":12},"end":{"line":134,"column":27}},"40":{"start":{"line":135,"column":12},"end":{"line":135,"column":19}},"41":{"start":{"line":139,"column":8},"end":{"line":142,"column":9}},"42":{"start":{"line":140,"column":12},"end":{"line":140,"column":56}},"43":{"start":{"line":141,"column":12},"end":{"line":141,"column":19}},"44":{"start":{"line":145,"column":8},"end":{"line":148,"column":9}},"45":{"start":{"line":146,"column":12},"end":{"line":146,"column":27}},"46":{"start":{"line":147,"column":12},"end":{"line":147,"column":19}},"47":{"start":{"line":150,"column":8},"end":{"line":166,"column":9}},"48":{"start":{"line":153,"column":12},"end":{"line":156,"column":14}},"49":{"start":{"line":158,"column":12},"end":{"line":158,"column":43}},"50":{"start":{"line":159,"column":12},"end":{"line":159,"column":44}},"51":{"start":{"line":161,"column":12},"end":{"line":161,"column":27}},"52":{"start":{"line":165,"column":12},"end":{"line":165,"column":20}}},"branchMap":{"1":{"line":30,"type":"binary-expr","locations":[{"start":{"line":30,"column":17},"end":{"line":30,"column":23}},{"start":{"line":30,"column":27},"end":{"line":30,"column":29}}]},"2":{"line":33,"type":"if","locations":[{"start":{"line":33,"column":4},"end":{"line":33,"column":4}},{"start":{"line":33,"column":4},"end":{"line":33,"column":4}}]},"3":{"line":54,"type":"if","locations":[{"start":{"line":54,"column":4},"end":{"line":54,"column":4}},{"start":{"line":54,"column":4},"end":{"line":54,"column":4}}]},"4":{"line":65,"type":"if","locations":[{"start":{"line":65,"column":4},"end":{"line":65,"column":4}},{"start":{"line":65,"column":4},"end":{"line":65,"column":4}}]},"5":{"line":82,"type":"binary-expr","locations":[{"start":{"line":82,"column":11},"end":{"line":82,"column":15}},{"start":{"line":82,"column":19},"end":{"line":82,"column":21}}]},"6":{"line":86,"type":"if","locations":[{"start":{"line":86,"column":4},"end":{"line":86,"column":4}},{"start":{"line":86,"column":4},"end":{"line":86,"column":4}}]},"7":{"line":133,"type":"if","locations":[{"start":{"line":133,"column":8},"end":{"line":133,"column":8}},{"start":{"line":133,"column":8},"end":{"line":133,"column":8}}]},"8":{"line":139,"type":"if","locations":[{"start":{"line":139,"column":8},"end":{"line":139,"column":8}},{"start":{"line":139,"column":8},"end":{"line":139,"column":8}}]},"9":{"line":145,"type":"if","locations":[{"start":{"line":145,"column":8},"end":{"line":145,"column":8}},{"start":{"line":145,"column":8},"end":{"line":145,"column":8}}]},"10":{"line":154,"type":"binary-expr","locations":[{"start":{"line":154,"column":16},"end":{"line":154,"column":30}},{"start":{"line":154,"column":34},"end":{"line":154,"column":47}}]}},"code":["/**"," * @file glyph"," * @author junmer"," */","","/* eslint-env node */","","var _ = require('lodash');","var isTtf = require('is-ttf');","var through = require('through2');","var TTF = require('fonteditor-core').TTF;","var TTFReader = require('fonteditor-core').TTFReader;","var TTFWriter = require('fonteditor-core').TTFWriter;","var b2ab = require('b3b').b2ab;","var ab2b = require('b3b').ab2b;","var util = require('../lib/util');","","/**"," * getSubsetGlyfs"," *"," * @param  {ttfObject} ttf ttfobj"," * @param  {Array} subset subset unicode"," * @return {Array}     glyfs array"," */","function getSubsetGlyfs(ttf, subset) {","","    var glyphs = [];","","    var indexList = ttf.findGlyf({","        unicode: subset || []","    });","","    if (indexList.length) {","        glyphs = ttf.getGlyf(indexList);","    }","","    glyphs.unshift(ttf.get().glyf[0]);","","    return glyphs;","}","","","/**"," * minifyFontObject"," *"," * @param  {Object} ttfObject    ttfObject"," * @param  {Array} subset         subset"," * @param  {Function=} plugin       use plugin"," * @return {Object}              ttfObject"," */","function minifyFontObject(ttfObject, subset, plugin) {","","    // check null","    if (subset.length === 0) {","        return ttfObject;","    }","","    // new TTF Object","    var ttf = new TTF(ttfObject);","","    // get target glyfs then set","    ttf.setGlyf(getSubsetGlyfs(ttf, subset));","","    // use plugin","    if (_.isFunction(plugin)) {","        plugin(ttf);","    }","","    return ttf.get();","}","","","/**"," * minifyTtf"," *"," * @param  {Buffer|Object} contents         contents"," * @param  {Object} opts         opts"," * @return {Buffer}              buffer"," */","function minifyTtf(contents, opts) {","","    opts = opts || {};","","    var ttfobj = contents;","","    if (Buffer.isBuffer(contents)) {","        ttfobj = new TTFReader(opts).read(b2ab(contents));","    }","","    var miniObj = minifyFontObject(","        ttfobj,","        opts.subset,","        opts.use","    );","","    var ttfBuffer = ab2b(","        new TTFWriter(opts).write(miniObj)","    );","","    return {","        object: miniObj,","        buffer: ttfBuffer","    };","","}","","","/**"," * glyph fontmin plugin"," *"," * @param {Object} opts opts"," * @param {string=} opts.text text"," * @param {boolean=} opts.basicText useBasicText"," * @param {boolean=} opts.hinting hint"," * @param {Function=} opts.use plugin"," * @return {Object} stream.Transform instance"," * @api public"," */","module.exports = function (opts) {","","    opts = _.extend({hinting: true, trim: true}, opts);","","    // prepare subset","    var subsetText = util.getSubsetText(opts);","    opts.subset = util.string2unicodes(subsetText);","","","    return through.ctor({","        objectMode: true","    }, function (file, enc, cb) {","","        // check null","        if (file.isNull()) {","            cb(null, file);","            return;","        }","","        // check stream","        if (file.isStream()) {","            cb(new Error('Streaming is not supported'));","            return;","        }","","        // check ttf","        if (!isTtf(file.contents)) {","            cb(null, file);","            return;","        }","","        try {","","            // write file buffer","            var miniTtf = minifyTtf(","                file.ttfObject || file.contents,","                opts","            );","","            file.contents = miniTtf.buffer;","            file.ttfObject = miniTtf.object;","","            cb(null, file);","","        }","        catch (err) {","            cb(err);","        }","","    });","","};",""],"l":{"8":1,"9":1,"10":1,"11":1,"12":1,"13":1,"14":1,"15":1,"16":1,"25":1,"27":0,"29":0,"33":0,"34":0,"37":0,"39":0,"51":1,"54":0,"55":0,"59":0,"62":0,"65":0,"66":0,"69":0,"80":1,"82":0,"84":0,"86":0,"87":0,"90":0,"96":0,"100":0,"119":1,"121":0,"124":0,"125":0,"128":0,"133":0,"134":0,"135":0,"139":0,"140":0,"141":0,"145":0,"146":0,"147":0,"150":0,"153":0,"158":0,"159":0,"161":0,"165":0}},"/home/travis/build/npmtest/node-npmtest-fontmin/node_modules/fontmin/lib/util.js":{"path":"/home/travis/build/npmtest/node-npmtest-fontmin/node_modules/fontmin/lib/util.js","s":{"1":1,"2":1,"3":1,"4":1,"5":0,"6":1,"7":0,"8":1,"9":0,"10":1,"11":0,"12":1,"13":1,"14":0,"15":0,"16":0,"17":0,"18":1,"19":0,"20":0,"21":1,"22":1,"23":1,"24":1,"25":1,"26":1},"b":{"1":[0,0],"2":[0,0,0],"3":[0,0]},"f":{"1":0,"2":0,"3":0,"4":0,"5":0,"6":0,"7":0},"fnMap":{"1":{"name":"getFontFolder","line":17,"loc":{"start":{"line":17,"column":0},"end":{"line":17,"column":25}}},"2":{"name":"getFonts","line":31,"loc":{"start":{"line":31,"column":0},"end":{"line":31,"column":20}}},"3":{"name":"getPureText","line":42,"loc":{"start":{"line":42,"column":0},"end":{"line":42,"column":26}}},"4":{"name":"getUniqText","line":63,"loc":{"start":{"line":63,"column":0},"end":{"line":63,"column":26}}},"5":{"name":"getSubsetText","line":85,"loc":{"start":{"line":85,"column":0},"end":{"line":85,"column":29}}},"6":{"name":"string2unicodes","line":104,"loc":{"start":{"line":104,"column":0},"end":{"line":104,"column":30}}},"7":{"name":"(anonymous_7)","line":105,"loc":{"start":{"line":105,"column":29},"end":{"line":105,"column":45}}}},"statementMap":{"1":{"start":{"line":8,"column":0},"end":{"line":8,"column":23}},"2":{"start":{"line":9,"column":0},"end":{"line":9,"column":27}},"3":{"start":{"line":10,"column":0},"end":{"line":10,"column":26}},"4":{"start":{"line":17,"column":0},"end":{"line":23,"column":1}},"5":{"start":{"line":18,"column":4},"end":{"line":22,"column":25}},"6":{"start":{"line":31,"column":0},"end":{"line":33,"column":1}},"7":{"start":{"line":32,"column":4},"end":{"line":32,"column":43}},"8":{"start":{"line":42,"column":0},"end":{"line":55,"column":1}},"9":{"start":{"line":44,"column":4},"end":{"line":53,"column":34}},"10":{"start":{"line":63,"column":0},"end":{"line":67,"column":1}},"11":{"start":{"line":64,"column":4},"end":{"line":66,"column":15}},"12":{"start":{"line":77,"column":0},"end":{"line":77,"column":66}},"13":{"start":{"line":85,"column":0},"end":{"line":96,"column":1}},"14":{"start":{"line":87,"column":4},"end":{"line":87,"column":31}},"15":{"start":{"line":90,"column":4},"end":{"line":90,"column":52}},"16":{"start":{"line":93,"column":4},"end":{"line":93,"column":42}},"17":{"start":{"line":95,"column":4},"end":{"line":95,"column":29}},"18":{"start":{"line":104,"column":0},"end":{"line":108,"column":1}},"19":{"start":{"line":105,"column":4},"end":{"line":107,"column":7}},"20":{"start":{"line":106,"column":8},"end":{"line":106,"column":34}},"21":{"start":{"line":112,"column":0},"end":{"line":112,"column":38}},"22":{"start":{"line":113,"column":0},"end":{"line":113,"column":28}},"23":{"start":{"line":114,"column":0},"end":{"line":114,"column":34}},"24":{"start":{"line":115,"column":0},"end":{"line":115,"column":34}},"25":{"start":{"line":116,"column":0},"end":{"line":116,"column":38}},"26":{"start":{"line":117,"column":0},"end":{"line":117,"column":42}}},"branchMap":{"1":{"line":87,"type":"binary-expr","locations":[{"start":{"line":87,"column":15},"end":{"line":87,"column":24}},{"start":{"line":87,"column":28},"end":{"line":87,"column":30}}]},"2":{"line":90,"type":"binary-expr","locations":[{"start":{"line":90,"column":4},"end":{"line":90,"column":8}},{"start":{"line":90,"column":12},"end":{"line":90,"column":21}},{"start":{"line":90,"column":26},"end":{"line":90,"column":50}}]},"3":{"line":93,"type":"binary-expr","locations":[{"start":{"line":93,"column":4},"end":{"line":93,"column":18}},{"start":{"line":93,"column":23},"end":{"line":93,"column":40}}]}},"code":["/**"," * @file util"," * @author junmer"," */","","/* eslint-env node */","","var fs = require('fs');","var path = require('path');","var _ = require('lodash');","","/**"," * getFontFolder"," *"," * @return {string} fontFolder"," */","function getFontFolder() {","    return path.resolve({","        win32: '/Windows/fonts',","        darwin: '/Library/Fonts',","        linux: '/usr/share/fonts/truetype'","    }[process.platform]);","}","","/**"," * getFonts"," *"," * @param  {string} path path"," * @return {Array}      fonts"," */","function getFonts() {","    return fs.readdirSync(getFontFolder());","}","","/**"," * getPureText"," *"," * @see https://msdn.microsoft.com/zh-cn/library/ie/2yfce773"," * @param  {string} str target text"," * @return {string}     pure text"," */","function getPureText(str) {","","    return String(str)","        .trim()","        .replace(/[\\s]/g, '')","        // .replace(/[\\f]/g, '')","        // .replace(/[\\b]/g, '')","        // .replace(/[\\n]/g, '')","        // .replace(/[\\t]/g, '')","        // .replace(/[\\r]/g, '')","        .replace(/[\\u2028]/g, '')","        .replace(/[\\u2029]/g, '');","","}","","/**"," * getUniqText"," *"," * @param  {string} str target text"," * @return {string}     uniq text"," */","function getUniqText(str) {","    return _.uniq(","        str.split('')","    ).join('');","}","","","/**"," * basic chars"," *"," * \"!\"#$%&'()*+,-./0123456789:;<=>?@ABCDEFGHIJKLMNOPQRSTUVWXYZ[\\]^_`abcdefghijklmnopqrstuvwxyz{|}\""," *"," * @type {string}"," */","var basicText = String.fromCharCode.apply(this, _.range(33, 126));","","/**"," * get subset text"," *"," * @param  {Object} opts opts"," * @return {string}      subset text"," */","function getSubsetText(opts) {","","    var text = opts.text || '';","","    // trim","    text && opts.trim && (text = getPureText(text));","","    // basicText","    opts.basicText && (text += basicText);","","    return getUniqText(text);","}","","/**"," * string to unicodes"," *"," * @param  {string} str string"," * @return {Array}      unicodes"," */","function string2unicodes(str) {","    return str.split('').map(function (text) {","        return text.charCodeAt(0);","    });","}","","","","exports.getFontFolder = getFontFolder;","exports.getFonts = getFonts;","exports.getPureText = getPureText;","exports.getUniqText = getUniqText;","exports.getSubsetText = getSubsetText;","exports.string2unicodes = string2unicodes;",""],"l":{"8":1,"9":1,"10":1,"17":1,"18":0,"31":1,"32":0,"42":1,"44":0,"63":1,"64":0,"77":1,"85":1,"87":0,"90":0,"93":0,"95":0,"104":1,"105":0,"106":0,"112":1,"113":1,"114":1,"115":1,"116":1,"117":1}},"/home/travis/build/npmtest/node-npmtest-fontmin/node_modules/fontmin/plugins/ttf2eot.js":{"path":"/home/travis/build/npmtest/node-npmtest-fontmin/node_modules/fontmin/plugins/ttf2eot.js","s":{"1":1,"2":1,"3":1,"4":1,"5":1,"6":1,"7":1,"8":1,"9":0,"10":0,"11":0,"12":0,"13":0,"14":1,"15":0,"16":0,"17":0,"18":0,"19":0,"20":0,"21":0,"22":0,"23":0,"24":0,"25":0,"26":0,"27":0,"28":0,"29":0,"30":0,"31":0,"32":0,"33":0,"34":0},"b":{"1":[0,0],"2":[0,0],"3":[0,0],"4":[0,0],"5":[0,0],"6":[0,0]},"f":{"1":0,"2":0,"3":0,"4":0},"fnMap":{"1":{"name":"compileTtf","line":16,"loc":{"start":{"line":16,"column":0},"end":{"line":16,"column":32}}},"2":{"name":"(anonymous_2)","line":36,"loc":{"start":{"line":36,"column":17},"end":{"line":36,"column":33}}},"3":{"name":"(anonymous_3)","line":42,"loc":{"start":{"line":42,"column":7},"end":{"line":42,"column":32}}},"4":{"name":"(anonymous_4)","line":70,"loc":{"start":{"line":70,"column":34},"end":{"line":70,"column":57}}}},"statementMap":{"1":{"start":{"line":8,"column":0},"end":{"line":8,"column":30}},"2":{"start":{"line":9,"column":0},"end":{"line":9,"column":34}},"3":{"start":{"line":10,"column":0},"end":{"line":10,"column":49}},"4":{"start":{"line":11,"column":0},"end":{"line":11,"column":31}},"5":{"start":{"line":12,"column":0},"end":{"line":12,"column":31}},"6":{"start":{"line":13,"column":0},"end":{"line":13,"column":40}},"7":{"start":{"line":14,"column":0},"end":{"line":14,"column":26}},"8":{"start":{"line":16,"column":0},"end":{"line":26,"column":1}},"9":{"start":{"line":17,"column":4},"end":{"line":17,"column":15}},"10":{"start":{"line":18,"column":4},"end":{"line":23,"column":5}},"11":{"start":{"line":19,"column":8},"end":{"line":19,"column":45}},"12":{"start":{"line":22,"column":8},"end":{"line":22,"column":15}},"13":{"start":{"line":25,"column":4},"end":{"line":25,"column":31}},"14":{"start":{"line":36,"column":0},"end":{"line":83,"column":2}},"15":{"start":{"line":38,"column":4},"end":{"line":38,"column":41}},"16":{"start":{"line":40,"column":4},"end":{"line":81,"column":7}},"17":{"start":{"line":45,"column":8},"end":{"line":48,"column":9}},"18":{"start":{"line":46,"column":12},"end":{"line":46,"column":27}},"19":{"start":{"line":47,"column":12},"end":{"line":47,"column":19}},"20":{"start":{"line":51,"column":8},"end":{"line":54,"column":9}},"21":{"start":{"line":52,"column":12},"end":{"line":52,"column":56}},"22":{"start":{"line":53,"column":12},"end":{"line":53,"column":19}},"23":{"start":{"line":57,"column":8},"end":{"line":60,"column":9}},"24":{"start":{"line":58,"column":12},"end":{"line":58,"column":27}},"25":{"start":{"line":59,"column":12},"end":{"line":59,"column":19}},"26":{"start":{"line":63,"column":8},"end":{"line":65,"column":9}},"27":{"start":{"line":64,"column":12},"end":{"line":64,"column":41}},"28":{"start":{"line":68,"column":8},"end":{"line":68,"column":50}},"29":{"start":{"line":70,"column":8},"end":{"line":79,"column":11}},"30":{"start":{"line":72,"column":12},"end":{"line":75,"column":13}},"31":{"start":{"line":73,"column":16},"end":{"line":73,"column":24}},"32":{"start":{"line":74,"column":16},"end":{"line":74,"column":23}},"33":{"start":{"line":77,"column":12},"end":{"line":77,"column":35}},"34":{"start":{"line":78,"column":12},"end":{"line":78,"column":27}}},"branchMap":{"1":{"line":25,"type":"binary-expr","locations":[{"start":{"line":25,"column":4},"end":{"line":25,"column":10}},{"start":{"line":25,"column":14},"end":{"line":25,"column":30}}]},"2":{"line":45,"type":"if","locations":[{"start":{"li
[...]
"end":{"line":45,"column":6}},"14":{"start":{"line":48,"column":4},"end":{"line":48,"column":37}},"15":{"start":{"line":51,"column":4},"end":{"line":51,"column":27}},"16":{"start":{"line":54,"column":4},"end":{"line":54,"column":31}},"17":{"start":{"line":57,"column":4},"end":{"line":57,"column":37}},"18":{"start":{"line":60,"column":4},"end":{"line":60,"column":46}},"19":{"start":{"line":70,"column":0},"end":{"line":89,"column":2}},"20":{"start":{"line":72,"column":4},"end":{"line":77,"column":6}},"21":{"start":{"line":79,"column":4},"end":{"line":79,"column":30}},"22":{"start":{"line":81,"column":4},"end":{"line":81,"column":44}},"23":{"start":{"line":83,"column":4},"end":{"line":85,"column":5}},"24":{"start":{"line":84,"column":8},"end":{"line":84,"column":42}},"25":{"start":{"line":87,"column":4},"end":{"line":87,"column":27}},"26":{"start":{"line":95,"column":0},"end":{"line":111,"column":2}},"27":{"start":{"line":97,"column":4},"end":{"line":100,"column":5}},"28":{"start":{"line":98,"column":8},"end":{"line":98,"column":55}},"29":{"start":{"line":99,"column":8},"end":{"line":99,"column":52}},"30":{"start":{"line":102,"column":4},"end":{"line":109,"column":6}},"31":{"start":{"line":123,"column":0},"end":{"line":226,"column":2}},"32":{"start":{"line":125,"column":4},"end":{"line":127,"column":5}},"33":{"start":{"line":126,"column":8},"end":{"line":126,"column":67}},"34":{"start":{"line":129,"column":4},"end":{"line":129,"column":43}},"35":{"start":{"line":131,"column":4},"end":{"line":131,"column":18}},"36":{"start":{"line":132,"column":4},"end":{"line":132,"column":17}},"37":{"start":{"line":133,"column":4},"end":{"line":133,"column":16}},"38":{"start":{"line":135,"column":4},"end":{"line":149,"column":5}},"39":{"start":{"line":138,"column":8},"end":{"line":138,"column":40}},"40":{"start":{"line":141,"column":8},"end":{"line":141,"column":24}},"41":{"start":{"line":143,"column":9},"end":{"line":149,"column":5}},"42":{"start":{"line":144,"column":8},"end":{"line":144,"column":44}},"43":{"start":{"line":145,"column":8},"end":{"line":145,"column":55}},"44":{"start":{"line":148,"column":8},"end":{"line":148,"column":76}},"45":{"start":{"line":152,"column":4},"end":{"line":188,"column":5}},"46":{"start":{"line":155,"column":8},"end":{"line":158,"column":9}},"47":{"start":{"line":156,"column":12},"end":{"line":156,"column":17}},"48":{"start":{"line":157,"column":12},"end":{"line":157,"column":19}},"49":{"start":{"line":161,"column":8},"end":{"line":165,"column":9}},"50":{"start":{"line":162,"column":12},"end":{"line":162,"column":69}},"51":{"start":{"line":163,"column":12},"end":{"line":163,"column":17}},"52":{"start":{"line":164,"column":12},"end":{"line":164,"column":19}},"53":{"start":{"line":168,"column":8},"end":{"line":171,"column":9}},"54":{"start":{"line":169,"column":12},"end":{"line":169,"column":17}},"55":{"start":{"line":170,"column":12},"end":{"line":170,"column":19}},"56":{"start":{"line":174,"column":8},"end":{"line":176,"column":9}},"57":{"start":{"line":175,"column":12},"end":{"line":175,"column":29}},"58":{"start":{"line":179,"column":8},"end":{"line":182,"column":9}},"59":{"start":{"line":180,"column":12},"end":{"line":180,"column":76}},"60":{"start":{"line":181,"column":12},"end":{"line":181,"column":50}},"61":{"start":{"line":185,"column":8},"end":{"line":185,"column":50}},"62":{"start":{"line":187,"column":8},"end":{"line":187,"column":13}},"63":{"start":{"line":191,"column":4},"end":{"line":222,"column":5}},"64":{"start":{"line":193,"column":8},"end":{"line":196,"column":9}},"65":{"start":{"line":194,"column":12},"end":{"line":194,"column":17}},"66":{"start":{"line":195,"column":12},"end":{"line":195,"column":19}},"67":{"start":{"line":198,"column":8},"end":{"line":198,"column":23}},"68":{"start":{"line":202,"column":8},"end":{"line":211,"column":9}},"69":{"start":{"line":203,"column":12},"end":{"line":205,"column":15}},"70":{"start":{"line":207,"column":12},"end":{"line":207,"column":62}},"71":{"start":{"line":210,"column":12},"end":{"line":210,"column":35}},"72":{"start":{"line":214,"column":8},"end":{"line":214,"column":26}},"73":{"start":{"line":217,"column":8},"end":{"line":217,"column":47}},"74":{"start":{"line":218,"column":8},"end":{"line":218,"column":47}},"75":{"start":{"line":220,"column":8},"end":{"line":220,"column":30}},"76":{"start":{"line":221,"column":8},"end":{"line":221,"column":13}},"77":{"start":{"line":224,"column":4},"end":{"line":224,"column":50}}},"branchMap":{"1":{"line":60,"type":"binary-expr","locations":[{"start":{"line":60,"column":21},"end":{"line":60,"column":35}},{"start":{"line":60,"column":39},"end":{"line":60,"column":45}}]},"2":{"line":83,"type":"if","locations":[{"start":{"line":83,"column":4},"end":{"line":83,"column":4}},{"start":{"line":83,"column":4},"end":{"line":83,"column":4}}]},"3":{"line":97,"type":"if","locations":[{"start":{"line":97,"column":4},"end":{"line":97,"column":4}},{"start":{"line":97,"column":4},"end":{"line":97,"column":4}}]},"4":{"line":125,"type":"if","locations":[{"start":{"line":125,"column":4},"end":{"line":125,"column":4}},{"start":{"line":125,"column":4},"end":{"line":125,"column":4}}]},"5":{"line":135,"type":"if","locations":[{"start":{"line":135,"column":4},"end":{"line":135,"column":4}},{"start":{"line":135,"column":4},"end":{"line":135,"column":4}}]},"6":{"line":143,"type":"if","locations":[{"start":{"line":143,"column":9},"end":{"line":143,"column":9}},{"start":{"line":143,"column":9},"end":{"line":143,"column":9}}]},"7":{"line":155,"type":"if","locations":[{"start":{"line":155,"column":8},"end":{"line":155,"column":8}},{"start":{"line":155,"column":8},"end":{"line":155,"column":8}}]},"8":{"line":161,"type":"if","locations":[{"start":{"line":161,"column":8},"end":{"line":161,"column":8}},{"start":{"line":161,"column":8},"end":{"line":161,"column":8}}]},"9":{"line":168,"type":"if","locations":[{"start":{"line":168,"column":8},"end":{"line":168,"column":8}},{"start":{"line":168,"column":8},"end":{"line":168,"column":8}}]},"10":{"line":174,"type":"if","locations":[{"start":{"line":174,"column":8},"end":{"line":174,"column":8}},{"start":{"line":174,"column":8},"end":{"line":174,"column":8}}]},"11":{"line":179,"type":"if","locations":[{"start":{"line":179,"column":8},"end":{"line":179,"column":8}},{"start":{"line":179,"column":8},"end":{"line":179,"column":8}}]},"12":{"line":180,"type":"binary-expr","locations":[{"start":{"line":180,"column":27},"end":{"line":180,"column":40}},{"start":{"line":180,"column":44},"end":{"line":180,"column":75}}]},"13":{"line":193,"type":"if","locations":[{"start":{"line":193,"column":8},"end":{"line":193,"column":8}},{"start":{"line":193,"column":8},"end":{"line":193,"column":8}}]},"14":{"line":193,"type":"binary-expr","locations":[{"start":{"line":193,"column":12},"end":{"line":193,"column":22}},{"start":{"line":193,"column":26},"end":{"line":193,"column":34}}]},"15":{"line":202,"type":"if","locations":[{"start":{"line":202,"column":8},"end":{"line":202,"column":8}},{"start":{"line":202,"column":8},"end":{"line":202,"column":8}}]}},"code":["/**"," * @file svgs2ttf"," * @author junmer"," */","","/* eslint-env node */","","var isSvg = require('is-svg');","var through = require('through2');","var path = require('path');","var replaceExt = require('replace-ext');","var ab2b = require('b3b').ab2b;","var _ = require('lodash');","var bufferToVinyl = require('buffer-to-vinyl');","var TTFWriter = require('fonteditor-core').TTFWriter;","var TTF = require('fonteditor-core').TTF;","var svg2ttfobject = require('fonteditor-core').svg2ttfobject;","var getEmptyttfObject = require('fonteditor-core/ttf/getEmptyttfObject');","","/**"," * SvgFont"," *"," * @constructor"," * @param {string} name filename"," * @param {Object} opts opts"," */","function SvgFont(name, opts) {","","    this.opts = _.extend(","        {","            adjust: {","                leftSideBearing: 0,","                rightSideBearing: 0,","                ajdustToEmBox: true,","                ajdustToEmPadding: 0","            },","            name: {","                fontFamily: name,","                fontSubFamily: name,","                uniqueSubFamily: name,","                postScriptName: name","            }","        },","        opts","    );","","    // empty ttfobj","    var ttfobj = getEmptyttfObject();","","    // for save name","    ttfobj.post.format = 2;","","    // new TTF","    this.ttf = new TTF(ttfobj);","","    // set name","    this.ttf.setName(this.opts.name);","","    // unicode start","    this.startCode = opts.startCode || 0xe001;","","}","","/**"," * add svg"," *"," * @param {string} name     svg basename"," * @param {buffer} contents svg contents"," */","SvgFont.prototype.add = function (name, contents) {","","    var ttfObj = svg2ttfobject(","        contents.toString('utf-8'),","        {","            combinePath: true","        }","    );","","    var glyf = ttfObj.glyf[0];","","    glyf.name = path.basename(name, '.svg');","","    if (!Array.isArray(glyf.unicode)) {","        glyf.unicode = [this.startCode++];","    }","","    this.ttf.addGlyf(glyf);","","};","","/**"," * compile ttf contents"," *"," */","SvgFont.prototype.compile = function () {","","    if (this.opts.adjust) {","        this.ttf.adjustGlyfPos(null, this.opts.adjust);","        this.ttf.adjustGlyf(null, this.opts.adjust);","    }","","    this.contents = ab2b(","        new TTFWriter(","            this.opts","        )","        .write(","            this.ttf.ttf","        )","    );","","};","","","/**"," * svgs2ttf fontmin plugin"," *"," * @param {string} file filename"," * @param {Object} opts opts"," * @param {string} opts.fontName font name"," * @return {Object} stream.Transform instance"," * @api public"," */","module.exports = function (file, opts) {","","    if (!file) {","        throw new Error('Missing file option for fontmin-svg2ttf');","    }","","    opts = _.extend({hinting: true}, opts);","","    var firstFile;","    var fileName;","    var svgFont;","","    if (typeof file === 'string') {","","        // fix file ext","        file = replaceExt(file, '.ttf');","","        // set file name","        fileName = file;","    }","    else if (typeof file.path === 'string') {","        fileName = path.basename(file.path);","        firstFile = bufferToVinyl.file(null, fileName);","    }","    else {","        throw new Error('Missing path in file options for fontmin-svg2ttf');","    }","","","    function bufferContents(file, enc, cb) {","","        // ignore empty files","        if (file.isNull()) {","            cb();","            return;","        }","","        // check stream","        if (file.isStream()) {","            this.emit('error', new Error('Streaming not supported'));","            cb();","            return;","        }","","        // check svg","        if (!isSvg(file.contents)) {","            cb();","            return;","        }","","        // set first file if not already set","        if (!firstFile) {","            firstFile = file;","        }","","        // construct SvgFont instance","        if (!svgFont) {","            var fontName = opts.fontName || path.basename(fileName, '.ttf');","            svgFont = new SvgFont(fontName, opts);","        }","","        // add file to SvgFont instance","        svgFont.add(file.relative, file.contents);","","        cb();","    }","","","    function endStream(cb) {","        // no files passed in, no file goes out","        if (!firstFile || !svgFont) {","            cb();","            return;","        }","","        var joinedFile;","","        // if file opt was a file path","        // clone everything from the first file","        if (typeof file === 'string') {","            joinedFile = firstFile.clone({","                contents: false","            });","","            joinedFile.path = path.join(firstFile.base, file);","        }","        else {","            joinedFile = firstFile;","        }","","        // complie svgfont","        svgFont.compile();","","        // set contents","        joinedFile.contents = svgFont.contents;","        joinedFile.ttfObject = svgFont.ttf.ttf;","","        this.push(joinedFile);","        cb();","    }","","    return through.obj(bufferContents, endStream);","","};",""],"l":{"8":1,"9":1,"10":1,"11":1,"12":1,"13":1,"14":1,"15":1,"16":1,"17":1,"18":1,"27":1,"29":0,"48":0,"51":0,"54":0,"57":0,"60":0,"70":1,"72":0,"79":0,"81":0,"83":0,"84":0,"87":0,"95":1,"97":0,"98":0,"99":0,"102":0,"123":1,"125":0,"126":0,"129":0,"131":0,"132":0,"133":0,"135":0,"138":0,"141":0,"143":0,"144":0,"145":0,"148":0,"152":1,"155":0,"156":0,"157":0,"161":0,"162":0,"163":0,"164":0,"168":0,"169":0,"170":0,"174":0,"175":0,"179":0,"180":0,"181":0,"185":0,"187":0,"191":1,"193":0,"194":0,"195":0,"198":0,"202":0,"203":0,"207":0,"210":0,"214":0,"217":0,"218":0,"220":0,"221":0,"224":0}},"/home/travis/build/npmtest/node-npmtest-fontmin/node_modules/fontmin/plugins/otf2ttf.js":{"path":"/home/travis/build/npmtest/node-npmtest-fontmin/node_modules/fontmin/plugins/otf2ttf.js","s":{"1":1,"2":1,"3":1,"4":1,"5":1,"6":1,"7":1,"8":1,"9":1,"10":1,"11":0,"12":0,"13":0,"14":0,"15":0,"16":0,"17":0,"18":0,"19":0,"20":0,"21":0,"22":0,"23":0,"24":0,"25":0,"26":0,"27":0,"28":0,"29":0,"30":0,"31":0,"32":0,"33":0,"34":0,"35":0,"36":0},"b":{"1":[0,0],"2":[0,0],"3":[0,0],"4":[0,0],"5":[0,0]},"f":{"1":0,"2":0},"fnMap":{"1":{"name":"(anonymous_1)","line":25,"loc":{"start":{"line":25,"column":17},"end":{"line":25,"column":33}}},"2":{"name":"(anonymous_2)","line":35,"loc":{"start":{"line":35,"column":7},"end":{"line":35,"column":32}}}},"statementMap":{"1":{"start":{"line":8,"column":0},"end":{"line":8,"column":30}},"2":{"start":{"line":9,"column":0},"end":{"line":9,"column":34}},"3":{"start":{"line":10,"column":0},"end":{"line":10,"column":61}},"4":{"start":{"line":11,"column":0},"end":{"line":11,"column":53}},"5":{"start":{"line":12,"column":0},"end":{"line":12,"column":31}},"6":{"start":{"line":13,"column":0},"end":{"line":13,"column":31}},"7":{"start":{"line":14,"column":0},"end":{"line":14,"column":40}},"8":{"start":{"line":15,"column":0},"end":{"line":15,"column":26}},"9":{"start":{"line":16,"column":0},"end":{"line":16,"column":34}},"10":{"start":{"line":25,"column":0},"end":{"line":87,"column":2}},"11":{"start":{"line":27,"column":4},"end":{"line":27,"column":57}},"12":{"start":{"line":30,"column":4},"end":{"line":30,"column":46}},"13":{"start":{"line":31,"column":4},"end":{"line":31,"column":51}},"14":{"start":{"line":33,"column":4},"end":{"line":85,"column":7}},"15":{"start":{"line":38,"column":8},"end":{"line":41,"column":9}},"16":{"start":{"line":39,"column":12},"end":{"line":39,"column":27}},"17":{"start":{"line":40,"column":12},"end":{"line":40,"column":19}},"18":{"start":{"line":44,"column":8},"end":{"line":47,"column":9}},"19":{"start":{"line":45,"column":12},"end":{"line":45,"column":56}},"20":{"start":{"line":46,"column":12},"end":{"line":46,"column":19}},"21":{"start":{"line":50,"column":8},"end":{"line":53,"column":9}},"22":{"start":{"line":51,"column":12},"end":{"line":51,"column":27}},"23":{"start":{"line":52,"column":12},"end":{"line":52,"column":19}},"24":{"start":{"line":56,"column":8},"end":{"line":58,"column":9}},"25":{"start":{"line":57,"column":12},"end":{"line":57,"column":41}},"26":{"start":{"line":61,"column":8},"end":{"line":61,"column":50}},"27":{"start":{"line":64,"column":8},"end":{"line":64,"column":22}},"28":{"start":{"line":65,"column":8},"end":{"line":65,"column":19}},"29":{"start":{"line":68,"column":8},"end":{"line":77,"column":9}},"30":{"start":{"line":70,"column":12},"end":{"line":70,"column":62}},"31":{"start":{"line":72,"column":12},"end":{"line":72,"column":64}},"32":{"start":{"line":76,"column":12},"end":{"line":76,"column":19}},"33":{"start":{"line":79,"column":8},"end":{"line":83,"column":9}},"34":{"start":{"line":80,"column":12},"end":{"line":80,"column":38}},"35":{"start":{"line":81,"column":12},"end":{"line":81,"column":36}},"36":{"start":{"line":82,"column":12},"end":{"line":82,"column":27}}},"branchMap":{"1":{"line":38,"type":"if","locations":[{"start":{"line":38,"column":8},"end":{"line":38,"column":8}},{"start":{"line":38,"column":8},"end":{"line":38,"column":8}}]},"2":{"line":44,"type":"if","locations":[{"start":{"line":44,"column":8},"end":{"line":44,"column":8}},{"start":{"line":44,"column":8},"end":{"line":44,"column":8}}]},"3":{"line":50,"type":"if","locations":[{"start":{"line":50,"column":8},"end":{"line":50,"column":8}},{"start":{"line":50,"column":8},"end":{"line":50,"column":8}}]},"4":{"line":56,"type":"if","locations":[{"start":{"line":56,"column":8},"end":{"line":56,"column":8}},{"start":{"line":56,"column":8},"end":{"line":56,"column":8}}]},"5":{"line":79,"type":"if","locations":[{"start":{"line":79,"column":8},"end":{"line":79,"column":8}},{"start":{"line":79,"column":8},"end":{"line":79,"column":8}}]}},"code":["/**"," * @file otf2ttf"," * @author junmer"," */","","/* eslint-env node */","","var isOtf = require('is-otf');","var through = require('through2');","var otf2ttfobject = require('fonteditor-core').otf2ttfobject;","var TTFWriter = require('fonteditor-core').TTFWriter;","var b2ab = require('b3b').b2ab;","var ab2b = require('b3b').ab2b;","var replaceExt = require('replace-ext');","var _ = require('lodash');","var util = require('../lib/util');","","/**"," * otf2ttf fontmin plugin"," *"," * @param {Object} opts opts"," * @return {Object} stream.Transform instance"," * @api public"," */","module.exports = function (opts) {","","    opts = _.extend({clone: false, hinting: true}, opts);","","    // prepare subset","    var subsetText = util.getSubsetText(opts);","    opts.subset = util.string2unicodes(subsetText);","","    return through.ctor({","        objectMode: true","    }, function (file, enc, cb) {","","        // check null","        if (file.isNull()) {","            cb(null, file);","            return;","        }","","        // check stream","        if (file.isStream()) {","            cb(new Error('Streaming is not supported'));","            return;","        }","","        // check otf","        if (!isOtf(file.contents)) {","            cb(null, file);","            return;","        }","","        // clone","        if (opts.clone) {","            this.push(file.clone(false));","        }","","        // replace ext","        file.path = replaceExt(file.path, '.ttf');","","        // ttf info","        var ttfBuffer;","        var ttfObj;","","        // try otf2ttf","        try {","","            ttfObj = otf2ttfobject(b2ab(file.contents), opts);","","            ttfBuffer = ab2b(new TTFWriter(opts).write(ttfObj));","","        }","        catch (ex) {","            cb(ex);","        }","","        if (ttfBuffer) {","            file.contents = ttfBuffer;","            file.ttfObject = ttfObj;","            cb(null, file);","        }","","    });","","};","",""],"l":{"8":1,"9":1,"10":1,"11":1,"12":1,"13":1,"14":1,"15":1,"16":1,"25":1,"27":0,"30":0,"31":0,"33":0,"38":0,"39":0,"40":0,"44":0,"45":0,"46":0,"50":0,"51":0,"52":0,"56":0,"57":0,"61":0,"64":0,"65":0,"68":0,"70":0,"72":0,"76":0,"79":0,"80":0,"81":0,"82":0}},"/home/travis/build/npmtest/node-npmtest-fontmin/node_modules/fontmin/lib/mime-types.js":{"path":"/home/travis/build/npmtest/node-npmtest-fontmin/node_modules/fontmin/lib/mime-types.js","s":{"1":1},"b":{},"f":{},"fnMap":{},"statementMap":{"1":{"start":{"line":8,"column":0},"end":{"line":17,"column":2}}},"branchMap":{},"code":["/**"," * @file mine types"," * @author junmer"," */","","/* eslint-env node */","","module.exports = exports = {","    '.*': 'application/octet-stream',","    'ttf': 'application/font-sfnt',","    'otf': 'application/font-sfnt',","    'woff': 'application/font-woff',","    'woff2': 'application/font-woff2',","    'eot': 'application/octet-stream',","    'svg': 'image/svg+xml',","    'svgz': 'image/svg+xml'","};",""],"l":{"8":1}}}